{"/Users/chenlaizhang/Downloads/COMP531/hw5/src/actions.js":{"path":"/Users/chenlaizhang/Downloads/COMP531/hw5/src/actions.js","s":{"1":1,"2":1,"3":1,"4":1,"5":1,"6":1,"7":1,"8":1,"9":1,"10":1,"11":1,"12":1,"13":1,"14":2,"15":1,"16":1,"17":1,"18":1,"19":1,"20":1,"21":1,"22":1,"23":1,"24":1,"25":1,"26":1,"27":1,"28":1,"29":1,"30":4,"31":4,"32":4,"33":4,"34":4,"35":2,"36":4,"37":4,"38":2,"39":2,"40":2},"b":{"1":[0,2],"2":[2,2],"3":[0,1],"4":[0,4],"5":[4,0],"6":[4,0],"7":[2,2],"8":[2,0],"9":[2,2]},"f":{"1":2,"2":1,"3":1,"4":1,"5":1,"6":1,"7":4,"8":4},"fnMap":{"1":{"name":"_interopRequireDefault","line":22,"loc":{"start":{"line":0,"column":0},"end":{"line":0,"column":0},"skip":true},"skip":true},"2":{"name":"updateError","line":52,"loc":{"start":{"line":33,"column":7},"end":{"line":33,"column":35}}},"3":{"name":"updateSuccess","line":55,"loc":{"start":{"line":34,"column":7},"end":{"line":34,"column":39}}},"4":{"name":"navToProfile","line":58,"loc":{"start":{"line":35,"column":7},"end":{"line":35,"column":31}}},"5":{"name":"navToMain","line":61,"loc":{"start":{"line":36,"column":7},"end":{"line":36,"column":28}}},"6":{"name":"navToOut","line":64,"loc":{"start":{"line":37,"column":7},"end":{"line":37,"column":27}}},"7":{"name":"resource","line":68,"loc":{"start":{"line":39,"column":7},"end":{"line":39,"column":71}}},"8":{"name":"(anonymous_8)","line":77,"loc":{"start":{"line":47,"column":10},"end":{"line":47,"column":24}}}},"statementMap":{"1":{"start":{"line":0,"column":0},"end":{"line":0,"column":0},"skip":true},"2":{"start":{"line":0,"column":0},"end":{"line":0,"column":0},"skip":true},"3":{"start":{"line":0,"column":0},"end":{"line":0,"column":0},"skip":true},"4":{"start":{"line":0,"column":0},"end":{"line":0,"column":0},"skip":true},"5":{"start":{"line":0,"column":0},"end":{"line":0,"column":0},"skip":true},"6":{"start":{"line":0,"column":0},"end":{"line":0,"column":0},"skip":true},"7":{"start":{"line":0,"column":0},"end":{"line":0,"column":0},"skip":true},"8":{"start":{"line":0,"column":0},"end":{"line":0,"column":0},"skip":true},"9":{"start":{"line":1,"column":-15},"end":{"line":1,"column":-15}},"10":{"start":{"line":0,"column":0},"end":{"line":0,"column":0},"skip":true},"11":{"start":{"line":2,"column":0},"end":{"line":2,"column":0}},"12":{"start":{"line":0,"column":0},"end":{"line":0,"column":0},"skip":true},"13":{"start":{"line":0,"column":0},"end":{"line":0,"column":0},"skip":true},"14":{"start":{"line":0,"column":0},"end":{"line":0,"column":0},"skip":true},"15":{"start":{"line":4,"column":0},"end":{"line":4,"column":0}},"16":{"start":{"line":5,"column":7},"end":{"line":5,"column":7}},"17":{"start":{"line":7,"column":0},"end":{"line":7,"column":0}},"18":{"start":{"line":0,"column":0},"end":{"line":0,"column":0},"skip":true},"19":{"start":{"line":33,"column":7},"end":{"line":33,"column":74}},"20":{"start":{"line":33,"column":37},"end":{"line":33,"column":37}},"21":{"start":{"line":34,"column":7},"end":{"line":34,"column":82}},"22":{"start":{"line":34,"column":41},"end":{"line":34,"column":41}},"23":{"start":{"line":35,"column":7},"end":{"line":35,"column":69}},"24":{"start":{"line":35,"column":33},"end":{"line":35,"column":33}},"25":{"start":{"line":36,"column":7},"end":{"line":36,"column":63}},"26":{"start":{"line":36,"column":30},"end":{"line":36,"column":30}},"27":{"start":{"line":37,"column":7},"end":{"line":37,"column":61}},"28":{"start":{"line":37,"column":29},"end":{"line":37,"column":29}},"29":{"start":{"line":39,"column":7},"end":{"line":55,"column":1}},"30":{"start":{"line":39,"column":71},"end":{"line":39,"column":71}},"31":{"start":{"line":40,"column":4},"end":{"line":40,"column":4}},"32":{"start":{"line":41,"column":4},"end":{"line":41,"column":20}},"33":{"start":{"line":41,"column":20},"end":{"line":41,"column":20}},"34":{"start":{"line":42,"column":4},"end":{"line":44,"column":5}},"35":{"start":{"line":43,"column":8},"end":{"line":43,"column":8}},"36":{"start":{"line":46,"column":4},"end":{"line":46,"column":4}},"37":{"start":{"line":48,"column":8},"end":{"line":53,"column":9}},"38":{"start":{"line":49,"column":12},"end":{"line":49,"column":12}},"39":{"start":{"line":50,"column":12},"end":{"line":50,"column":12}},"40":{"start":{"line":52,"column":12},"end":{"line":52,"column":12}}},"branchMap":{"1":{"line":22,"type":"cond-expr","locations":[{"start":{"line":0,"column":0},"end":{"line":0,"column":0},"skip":true},{"start":{"line":0,"column":0},"end":{"line":0,"column":0},"skip":true}]},"2":{"line":22,"type":"binary-expr","locations":[{"start":{"line":0,"column":0},"end":{"line":0,"column":0},"skip":true},{"start":{"line":0,"column":0},"end":{"line":0,"column":0},"skip":true}]},"3":{"line":25,"type":"cond-expr","locations":[{"start":{"line":5,"column":32},"end":{"line":5,"column":22}},{"start":{"line":5,"column":58},"end":{"line":5,"column":7}}]},"4":{"line":69,"type":"cond-expr","locations":[{"start":{"line":39,"column":71},"end":{"line":39,"column":71}},{"start":{"line":39,"column":65},"end":{"line":39,"column":71}}]},"5":{"line":69,"type":"binary-expr","locations":[{"start":{"line":39,"column":71},"end":{"line":39,"column":71}},{"start":{"line":39,"column":71},"end":{"line":39,"column":71}}]},"6":{"line":72,"type":"if","locations":[{"start":{"line":41,"column":4},"end":{"line":41,"column":4}},{"start":{"line":41,"column":4},"end":{"line":41,"column":4}}]},"7":{"line":73,"type":"if","locations":[{"start":{"line":42,"column":4},"end":{"line":42,"column":4}},{"start":{"line":42,"column":4},"end":{"line":42,"column":4}}]},"8":{"line":74,"type":"cond-expr","locations":[{"start":{"line":43,"column":36},"end":{"line":43,"column":23}},{"start":{"line":43,"column":62},"end":{"line":43,"column":8}}]},"9":{"line":78,"type":"if","locations":[{"start":{"line":48,"column":8},"end":{"line":48,"column":8}},{"start":{"line":48,"column":8},"end":{"line":48,"column":8}}]}}},"/Users/chenlaizhang/Downloads/COMP531/hw5/src/actions.spec.js":{"path":"/Users/chenlaizhang/Downloads/COMP531/hw5/src/actions.spec.js","s":{"1":1,"2":1,"3":1,"4":1,"5":1,"6":1,"7":1,"8":1,"9":3,"10":1,"11":0,"12":0,"13":0,"14":0,"15":0,"16":0,"17":0,"18":0,"19":0,"20":0,"21":0,"22":0,"23":0,"24":0,"25":0,"26":0,"27":0,"28":0,"29":0,"30":0,"31":0,"32":0,"33":0,"34":0,"35":0,"36":0,"37":0,"38":0,"39":0,"40":0,"41":0,"42":0,"43":0,"44":0,"45":0,"46":0,"47":0,"48":0,"49":0,"50":0,"51":0},"b":{"1":[1,2],"2":[3,3],"3":[0,0],"4":[0,0]},"f":{"1":3,"2":0,"3":0,"4":0,"5":0,"6":0,"7":0,"8":0,"9":0,"10":0,"11":0,"12":0,"13":0},"fnMap":{"1":{"name":"_interopRequireDefault","line":17,"loc":{"start":{"line":0,"column":0},"end":{"line":0,"column":0},"skip":true},"skip":true},"2":{"name":"(anonymous_2)","line":19,"loc":{"start":{"line":11,"column":73},"end":{"line":11,"column":79}}},"3":{"name":"(anonymous_3)","line":22,"loc":{"start":{"line":13,"column":12},"end":{"line":13,"column":18}}},"4":{"name":"(anonymous_4)","line":32,"loc":{"start":{"line":23,"column":11},"end":{"line":23,"column":17}}},"5":{"name":"(anonymous_5)","line":39,"loc":{"start":{"line":30,"column":60},"end":{"line":30,"column":69}}},"6":{"name":"(anonymous_6)","line":45,"loc":{"start":{"line":36,"column":33},"end":{"line":36,"column":47}}},"7":{"name":"(anonymous_7)","line":51,"loc":{"start":{"line":42,"column":46},"end":{"line":42,"column":55}}},"8":{"name":"(anonymous_8)","line":61,"loc":{"start":{"line":52,"column":56},"end":{"line":52,"column":65}}},"9":{"name":"(anonymous_9)","line":67,"loc":{"start":{"line":59,"column":35},"end":{"line":59,"column":44}}},"10":{"name":"(anonymous_10)","line":77,"loc":{"start":{"line":69,"column":56},"end":{"line":69,"column":70}}},"11":{"name":"(anonymous_11)","line":83,"loc":{"start":{"line":76,"column":73},"end":{"line":76,"column":77}}},"12":{"name":"(anonymous_12)","line":91,"loc":{"start":{"line":85,"column":78},"end":{"line":85,"column":82}}},"13":{"name":"(anonymous_13)","line":99,"loc":{"start":{"line":94,"column":53},"end":{"line":94,"column":57}}}},"statementMap":{"1":{"start":{"line":1,"column":-15},"end":{"line":1,"column":-15}},"2":{"start":{"line":2,"column":0},"end":{"line":2,"column":0}},"3":{"start":{"line":0,"column":0},"end":{"line":0,"column":0},"skip":true},"4":{"start":{"line":3,"column":0},"end":{"line":3,"column":0}},"5":{"start":{"line":0,"column":0},"end":{"line":0,"column":0},"skip":true},"6":{"start":{"line":5,"column":0},"end":{"line":5,"column":0}},"7":{"start":{"line":0,"column":0},"end":{"line":0,"column":0},"skip":true},"8":{"start":{"line":0,"column":0},"end":{"line":0,"column":0},"skip":true},"9":{"start":{"line":0,"column":0},"end":{"line":0,"column":0},"skip":true},"10":{"start":{"line":11,"column":0},"end":{"line":11,"column":0}},"11":{"start":{"line":12,"column":1},"end":{"line":12,"column":1}},"12":{"start":{"line":13,"column":1},"end":{"line":13,"column":1}},"13":{"start":{"line":14,"column":2},"end":{"line":18,"column":3}},"14":{"start":{"line":15,"column":3},"end":{"line":15,"column":3}},"15":{"start":{"line":16,"column":3},"end":{"line":16,"column":3}},"16":{"start":{"line":17,"column":3},"end":{"line":17,"column":3}},"17":{"start":{"line":19,"column":2},"end":{"line":19,"column":2}},"18":{"start":{"line":20,"column":2},"end":{"line":20,"column":2}},"19":{"start":{"line":23,"column":1},"end":{"line":23,"column":1}},"20":{"start":{"line":24,"column":2},"end":{"line":27,"column":3}},"21":{"start":{"line":25,"column":3},"end":{"line":25,"column":3}},"22":{"start":{"line":26,"column":3},"end":{"line":26,"column":3}},"23":{"start":{"line":30,"column":1},"end":{"line":30,"column":1}},"24":{"start":{"line":31,"column":2},"end":{"line":31,"column":2}},"25":{"start":{"line":36,"column":2},"end":{"line":36,"column":2}},"26":{"start":{"line":37,"column":3},"end":{"line":37,"column":3}},"27":{"start":{"line":38,"column":3},"end":{"line":38,"column":3}},"28":{"start":{"line":42,"column":1},"end":{"line":42,"column":1}},"29":{"start":{"line":43,"column":2},"end":{"line":43,"column":2}},"30":{"start":{"line":44,"column":2},"end":{"line":44,"column":2}},"31":{"start":{"line":46,"column":2},"end":{"line":46,"column":2}},"32":{"start":{"line":52,"column":2},"end":{"line":52,"column":2}},"33":{"start":{"line":53,"column":3},"end":{"line":53,"column":3}},"34":{"start":{"line":54,"column":3},"end":{"line":54,"column":3}},"35":{"start":{"line":59,"column":1},"end":{"line":59,"column":1}},"36":{"start":{"line":60,"column":2},"end":{"line":60,"column":2}},"37":{"start":{"line":61,"column":2},"end":{"line":61,"column":2}},"38":{"start":{"line":63,"column":2},"end":{"line":63,"column":2}},"39":{"start":{"line":69,"column":2},"end":{"line":69,"column":2}},"40":{"start":{"line":70,"column":3},"end":{"line":70,"column":3}},"41":{"start":{"line":71,"column":3},"end":{"line":71,"column":3}},"42":{"start":{"line":76,"column":1},"end":{"line":76,"column":1}},"43":{"start":{"line":77,"column":2},"end":{"line":77,"column":2}},"44":{"start":{"line":81,"column":2},"end":{"line":81,"column":2}},"45":{"start":{"line":85,"column":1},"end":{"line":85,"column":1}},"46":{"start":{"line":86,"column":2},"end":{"line":86,"column":2}},"47":{"start":{"line":90,"column":2},"end":{"line":90,"column":2}},"48":{"start":{"line":94,"column":1},"end":{"line":94,"column":1}},"49":{"start":{"line":95,"column":2},"end":{"line":95,"column":2}},"50":{"start":{"line":96,"column":2},"end":{"line":96,"column":2}},"51":{"start":{"line":97,"column":2},"end":{"line":97,"column":2}}},"branchMap":{"1":{"line":17,"type":"cond-expr","locations":[{"start":{"line":0,"column":0},"end":{"line":0,"column":0},"skip":true},{"start":{"line":0,"column":0},"end":{"line":0,"column":0},"skip":true}]},"2":{"line":17,"type":"binary-expr","locations":[{"start":{"line":0,"column":0},"end":{"line":0,"column":0},"skip":true},{"start":{"line":0,"column":0},"end":{"line":0,"column":0},"skip":true}]},"3":{"line":23,"type":"if","locations":[{"start":{"line":14,"column":2},"end":{"line":14,"column":2}},{"start":{"line":14,"column":2},"end":{"line":14,"column":2}}]},"4":{"line":33,"type":"if","locations":[{"start":{"line":24,"column":2},"end":{"line":24,"column":2}},{"start":{"line":24,"column":2},"end":{"line":24,"column":2}}]}}},"/Users/chenlaizhang/Downloads/COMP531/hw5/src/components/app.js":{"path":"/Users/chenlaizhang/Downloads/COMP531/hw5/src/components/app.js","s":{"1":1,"2":1,"3":1,"4":1,"5":1,"6":1,"7":1,"8":1,"9":1,"10":1,"11":1,"12":1,"13":1,"14":5,"15":1,"16":0,"17":0,"18":0,"19":0,"20":0,"21":0,"22":0,"23":0,"24":0,"25":0,"26":1,"27":0},"b":{"1":[4,1],"2":[5,5],"3":[0,0,0]},"f":{"1":5,"2":0,"3":0},"fnMap":{"1":{"name":"_interopRequireDefault","line":29,"loc":{"start":{"line":0,"column":0},"end":{"line":0,"column":0},"skip":true},"skip":true},"2":{"name":"App","line":31,"loc":{"start":{"line":9,"column":12},"end":{"line":9,"column":28}}},"3":{"name":"(anonymous_3)","line":54,"loc":{"start":{"line":27,"column":23},"end":{"line":27,"column":34}}}},"statementMap":{"1":{"start":{"line":0,"column":0},"end":{"line":0,"column":0},"skip":true},"2":{"start":{"line":1,"column":-15},"end":{"line":1,"column":-15}},"3":{"start":{"line":0,"column":0},"end":{"line":0,"column":0},"skip":true},"4":{"start":{"line":2,"column":0},"end":{"line":2,"column":0}},"5":{"start":{"line":4,"column":0},"end":{"line":4,"column":0}},"6":{"start":{"line":0,"column":0},"end":{"line":0,"column":0},"skip":true},"7":{"start":{"line":5,"column":0},"end":{"line":5,"column":0}},"8":{"start":{"line":0,"column":0},"end":{"line":0,"column":0},"skip":true},"9":{"start":{"line":6,"column":0},"end":{"line":6,"column":0}},"10":{"start":{"line":0,"column":0},"end":{"line":0,"column":0},"skip":true},"11":{"start":{"line":7,"column":0},"end":{"line":7,"column":0}},"12":{"start":{"line":0,"column":0},"end":{"line":0,"column":0},"skip":true},"13":{"start":{"line":0,"column":0},"end":{"line":0,"column":0},"skip":true},"14":{"start":{"line":0,"column":0},"end":{"line":0,"column":0},"skip":true},"15":{"start":{"line":9,"column":0},"end":{"line":9,"column":0}},"16":{"start":{"line":9,"column":28},"end":{"line":9,"column":28}},"17":{"start":{"line":12,"column":4},"end":{"line":12,"column":4}},"18":{"start":{"line":13,"column":4},"end":{"line":13,"column":4}},"19":{"start":{"line":14,"column":21},"end":{"line":14,"column":37}},"20":{"start":{"line":14,"column":37},"end":{"line":14,"column":37}},"21":{"start":{"line":15,"column":24},"end":{"line":15,"column":43}},"22":{"start":{"line":15,"column":43},"end":{"line":15,"column":43}},"23":{"start":{"line":16,"column":17},"end":{"line":16,"column":36}},"24":{"start":{"line":16,"column":36},"end":{"line":16,"column":36}},"25":{"start":{"line":19,"column":4},"end":{"line":19,"column":4}},"26":{"start":{"line":0,"column":0},"end":{"line":0,"column":0},"skip":true},"27":{"start":{"line":28,"column":4},"end":{"line":28,"column":4}}},"branchMap":{"1":{"line":29,"type":"cond-expr","locations":[{"start":{"line":0,"column":0},"end":{"line":0,"column":0},"skip":true},{"start":{"line":0,"column":0},"end":{"line":0,"column":0},"skip":true}]},"2":{"line":29,"type":"binary-expr","locations":[{"start":{"line":0,"column":0},"end":{"line":0,"column":0},"skip":true},{"start":{"line":0,"column":0},"end":{"line":0,"column":0},"skip":true}]},"3":{"line":37,"type":"switch","locations":[{"start":{"line":14,"column":8},"end":{"line":14,"column":37}},{"start":{"line":15,"column":8},"end":{"line":15,"column":43}},{"start":{"line":16,"column":8},"end":{"line":16,"column":36}}]}}},"/Users/chenlaizhang/Downloads/COMP531/hw5/src/components/main/nav.js":{"path":"/Users/chenlaizhang/Downloads/COMP531/hw5/src/components/main/nav.js","s":{"1":1,"2":1,"3":1,"4":1,"5":1,"6":1,"7":1,"8":1,"9":1,"10":0,"11":0,"12":0,"13":0,"14":0,"15":1,"16":0},"b":{"1":[0,1],"2":[1,1],"3":[0,0],"4":[0,0],"5":[0,0]},"f":{"1":1,"2":0,"3":0,"4":0,"5":0,"6":0},"fnMap":{"1":{"name":"_interopRequireDefault","line":17,"loc":{"start":{"line":0,"column":0},"end":{"line":0,"column":0},"skip":true},"skip":true},"2":{"name":"Nav","line":19,"loc":{"start":{"line":6,"column":12},"end":{"line":6,"column":12}}},"3":{"name":"onClick","line":37,"loc":{"start":{"line":19,"column":58},"end":{"line":19,"column":64}}},"4":{"name":"onClick","line":47,"loc":{"start":{"line":20,"column":58},"end":{"line":20,"column":64}}},"5":{"name":"onClick","line":58,"loc":{"start":{"line":22,"column":56},"end":{"line":22,"column":62}}},"6":{"name":"(anonymous_6)","line":71,"loc":{"start":{"line":30,"column":2},"end":{"line":30,"column":13}}}},"statementMap":{"1":{"start":{"line":0,"column":0},"end":{"line":0,"column":0},"skip":true},"2":{"start":{"line":1,"column":-15},"end":{"line":1,"column":-15}},"3":{"start":{"line":0,"column":0},"end":{"line":0,"column":0},"skip":true},"4":{"start":{"line":2,"column":0},"end":{"line":2,"column":0}},"5":{"start":{"line":3,"column":0},"end":{"line":3,"column":0}},"6":{"start":{"line":4,"column":0},"end":{"line":4,"column":0}},"7":{"start":{"line":0,"column":0},"end":{"line":0,"column":0},"skip":true},"8":{"start":{"line":0,"column":0},"end":{"line":0,"column":0},"skip":true},"9":{"start":{"line":6,"column":0},"end":{"line":6,"column":0}},"10":{"start":{"line":6,"column":12},"end":{"line":6,"column":12}},"11":{"start":{"line":6,"column":12},"end":{"line":6,"column":12}},"12":{"start":{"line":19,"column":66},"end":{"line":19,"column":66}},"13":{"start":{"line":20,"column":66},"end":{"line":20,"column":66}},"14":{"start":{"line":22,"column":64},"end":{"line":22,"column":64}},"15":{"start":{"line":0,"column":0},"end":{"line":0,"column":0},"skip":true},"16":{"start":{"line":31,"column":4},"end":{"line":31,"column":4}}},"branchMap":{"1":{"line":17,"type":"cond-expr","locations":[{"start":{"line":0,"column":0},"end":{"line":0,"column":0},"skip":true},{"start":{"line":0,"column":0},"end":{"line":0,"column":0},"skip":true}]},"2":{"line":17,"type":"binary-expr","locations":[{"start":{"line":0,"column":0},"end":{"line":0,"column":0},"skip":true},{"start":{"line":0,"column":0},"end":{"line":0,"column":0},"skip":true}]},"3":{"line":29,"type":"cond-expr","locations":[{"start":{"line":16,"column":33},"end":{"line":16,"column":10}},{"start":{"line":17,"column":10},"end":{"line":17,"column":10}}]},"4":{"line":32,"type":"cond-expr","locations":[{"start":{"line":19,"column":14},"end":{"line":18,"column":14}},{"start":{"line":20,"column":14},"end":{"line":17,"column":10}}]},"5":{"line":73,"type":"binary-expr","locations":[{"start":{"line":32,"column":16},"end":{"line":32,"column":16}},{"start":{"line":32,"column":42},"end":{"line":31,"column":11}}]}}},"/Users/chenlaizhang/Downloads/COMP531/hw5/src/components/auth/authActions.js":{"path":"/Users/chenlaizhang/Downloads/COMP531/hw5/src/components/auth/authActions.js","s":{"1":1,"2":1,"3":1,"4":1,"5":1,"6":1,"7":1,"8":1,"9":1,"10":1,"11":1,"12":1,"13":1,"14":1,"15":1,"16":0,"17":0,"18":0,"19":0,"20":0,"21":1,"22":0,"23":0,"24":0,"25":0,"26":0,"27":1,"28":0,"29":0,"30":0,"31":0,"32":1,"33":0,"34":0,"35":0,"36":0,"37":0,"38":0,"39":0,"40":0,"41":0,"42":0},"b":{"1":[1,0],"2":[1,1],"3":[0,0],"4":[0,0,0,0,0,0,0],"5":[0,0]},"f":{"1":1,"2":1,"3":1,"4":0,"5":1,"6":0,"7":0,"8":0,"9":0,"10":0,"11":0,"12":0,"13":0,"14":0,"15":0,"16":0},"fnMap":{"1":{"name":"_interopRequireDefault","line":21,"loc":{"start":{"line":0,"column":0},"end":{"line":0,"column":0},"skip":true},"skip":true},"2":{"name":"initialVisit","line":23,"loc":{"start":{"line":7,"column":7},"end":{"line":7,"column":31}}},"3":{"name":"(anonymous_3)","line":24,"loc":{"start":{"line":8,"column":11},"end":{"line":8,"column":25}}},"4":{"name":"(anonymous_4)","line":25,"loc":{"start":{"line":9,"column":42},"end":{"line":9,"column":56}}},"5":{"name":"(anonymous_5)","line":34,"loc":{"start":{"line":18,"column":17},"end":{"line":18,"column":26}}},"6":{"name":"localLogin","line":38,"loc":{"start":{"line":23,"column":7},"end":{"line":23,"column":47}}},"7":{"name":"(anonymous_7)","line":39,"loc":{"start":{"line":24,"column":11},"end":{"line":24,"column":25}}},"8":{"name":"(anonymous_8)","line":40,"loc":{"start":{"line":26,"column":14},"end":{"line":26,"column":28}}},"9":{"name":"(anonymous_9)","line":43,"loc":{"start":{"line":29,"column":17},"end":{"line":29,"column":26}}},"10":{"name":"logout","line":49,"loc":{"start":{"line":35,"column":7},"end":{"line":35,"column":25}}},"11":{"name":"(anonymous_11)","line":50,"loc":{"start":{"line":36,"column":11},"end":{"line":36,"column":25}}},"12":{"name":"(anonymous_12)","line":51,"loc":{"start":{"line":39,"column":15},"end":{"line":39,"column":24}}},"13":{"name":"register","line":58,"loc":{"start":{"line":46,"column":7},"end":{"line":46,"column":85}}},"14":{"name":"(anonymous_14)","line":67,"loc":{"start":{"line":47,"column":11},"end":{"line":47,"column":25}}},"15":{"name":"(anonymous_15)","line":77,"loc":{"start":{"line":58,"column":14},"end":{"line":58,"column":28}}},"16":{"name":"(anonymous_16)","line":79,"loc":{"start":{"line":60,"column":17},"end":{"line":60,"column":26}}}},"statementMap":{"1":{"start":{"line":0,"column":0},"end":{"line":0,"column":0},"skip":true},"2":{"start":{"line":0,"column":0},"end":{"line":0,"column":0},"skip":true},"3":{"start":{"line":0,"column":0},"end":{"line":0,"column":0},"skip":true},"4":{"start":{"line":0,"column":0},"end":{"line":0,"column":0},"skip":true},"5":{"start":{"line":0,"column":0},"end":{"line":0,"column":0},"skip":true},"6":{"start":{"line":1,"column":-15},"end":{"line":1,"column":-15}},"7":{"start":{"line":0,"column":0},"end":{"line":0,"column":0},"skip":true},"8":{"start":{"line":3,"column":0},"end":{"line":3,"column":0}},"9":{"start":{"line":4,"column":0},"end":{"line":4,"column":0}},"10":{"start":{"line":5,"column":0},"end":{"line":5,"column":0}},"11":{"start":{"line":0,"column":0},"end":{"line":0,"column":0},"skip":true},"12":{"start":{"line":0,"column":0},"end":{"line":0,"column":0},"skip":true},"13":{"start":{"line":7,"column":7},"end":{"line":21,"column":1}},"14":{"start":{"line":8,"column":4},"end":{"line":8,"column":4}},"15":{"start":{"line":9,"column":8},"end":{"line":9,"column":8}},"16":{"start":{"line":10,"column":12},"end":{"line":10,"column":12}},"17":{"start":{"line":11,"column":12},"end":{"line":11,"column":12}},"18":{"start":{"line":15,"column":12},"end":{"line":15,"column":12}},"19":{"start":{"line":16,"column":12},"end":{"line":16,"column":12}},"20":{"start":{"line":17,"column":12},"end":{"line":17,"column":12}},"21":{"start":{"line":23,"column":7},"end":{"line":33,"column":1}},"22":{"start":{"line":24,"column":4},"end":{"line":24,"column":4}},"23":{"start":{"line":25,"column":8},"end":{"line":25,"column":8}},"24":{"start":{"line":27,"column":12},"end":{"line":27,"column":12}},"25":{"start":{"line":28,"column":12},"end":{"line":28,"column":12}},"26":{"start":{"line":30,"column":12},"end":{"line":30,"column":12}},"27":{"start":{"line":35,"column":7},"end":{"line":44,"column":1}},"28":{"start":{"line":36,"column":4},"end":{"line":36,"column":4}},"29":{"start":{"line":37,"column":8},"end":{"line":37,"column":8}},"30":{"start":{"line":40,"column":12},"end":{"line":40,"column":12}},"31":{"start":{"line":41,"column":12},"end":{"line":41,"column":12}},"32":{"start":{"line":46,"column":7},"end":{"line":64,"column":1}},"33":{"start":{"line":46,"column":85},"end":{"line":46,"column":85}},"34":{"start":{"line":47,"column":4},"end":{"line":47,"column":4}},"35":{"start":{"line":48,"column":8},"end":{"line":50,"column":9}},"36":{"start":{"line":49,"column":12},"end":{"line":49,"column":12}},"37":{"start":{"line":52,"column":8},"end":{"line":52,"column":8}},"38":{"start":{"line":53,"column":8},"end":{"line":55,"column":9}},"39":{"start":{"line":54,"column":12},"end":{"line":54,"column":12}},"40":{"start":{"line":57,"column":8},"end":{"line":57,"column":8}},"41":{"start":{"line":59,"column":12},"end":{"line":59,"column":12}},"42":{"start":{"line":61,"column":12},"end":{"line":61,"column":12}}},"branchMap":{"1":{"line":21,"type":"cond-expr","locations":[{"start":{"line":0,"column":0},"end":{"line":0,"column":0},"skip":true},{"start":{"line":0,"column":0},"end":{"line":0,"column":0},"skip":true}]},"2":{"line":21,"type":"binary-expr","locations":[{"start":{"line":0,"column":0},"end":{"line":0,"column":0},"skip":true},{"start":{"line":0,"column":0},"end":{"line":0,"column":0},"skip":true}]},"3":{"line":68,"type":"if","locations":[{"start":{"line":48,"column":8},"end":{"line":48,"column":8}},{"start":{"line":48,"column":8},"end":{"line":48,"column":8}}]},"4":{"line":68,"type":"binary-expr","locations":[{"start":{"line":48,"column":12},"end":{"line":48,"column":12}},{"start":{"line":48,"column":25},"end":{"line":48,"column":12}},{"start":{"line":48,"column":35},"end":{"line":48,"column":12}},{"start":{"line":48,"column":45},"end":{"line":48,"column":12}},{"start":{"line":48,"column":55},"end":{"line":48,"column":12}},{"start":{"line":48,"column":67},"end":{"line":48,"column":12}},{"start":{"line":48,"column":80},"end":{"line":48,"column":8}}]},"5":{"line":73,"type":"if","locations":[{"start":{"line":53,"column":8},"end":{"line":53,"column":8}},{"start":{"line":53,"column":8},"end":{"line":53,"column":8}}]}}},"/Users/chenlaizhang/Downloads/COMP531/hw5/src/components/main/followingActions.js":{"path":"/Users/chenlaizhang/Downloads/COMP531/hw5/src/components/main/followingActions.js","s":{"1":1,"2":1,"3":1,"4":1,"5":1,"6":1,"7":1,"8":1,"9":1,"10":2,"11":1,"12":0,"13":1,"14":0,"15":1,"16":0,"17":0,"18":0,"19":0,"20":0,"21":0,"22":0,"23":0,"24":0,"25":0,"26":0,"27":0,"28":0,"29":0,"30":0,"31":0,"32":0,"33":0,"34":0,"35":0,"36":0,"37":0,"38":0},"b":{"1":[1,1],"2":[2,2],"3":[0,0],"4":[0,0],"5":[0,0],"6":[0,0],"7":[0,0],"8":[0,0],"9":[0,0],"10":[0,0]},"f":{"1":2,"2":0,"3":0,"4":0,"5":0,"6":0,"7":0,"8":0,"9":0,"10":0,"11":0,"12":0,"13":0},"fnMap":{"1":{"name":"_interopRequireDefault","line":18,"loc":{"start":{"line":0,"column":0},"end":{"line":0,"column":0},"skip":true},"skip":true},"2":{"name":"delFollower","line":20,"loc":{"start":{"line":4,"column":7},"end":{"line":4,"column":34}}},"3":{"name":"addFollower","line":23,"loc":{"start":{"line":5,"column":7},"end":{"line":5,"column":34}}},"4":{"name":"fetchFollowers","line":27,"loc":{"start":{"line":7,"column":7},"end":{"line":7,"column":45}}},"5":{"name":"(anonymous_5)","line":28,"loc":{"start":{"line":8,"column":11},"end":{"line":8,"column":35}}},"6":{"name":"(anonymous_6)","line":33,"loc":{"start":{"line":14,"column":14},"end":{"line":14,"column":28}}},"7":{"name":"(anonymous_7)","line":39,"loc":{"start":{"line":20,"column":56},"end":{"line":20,"column":69}}},"8":{"name":"(anonymous_8)","line":44,"loc":{"start":{"line":24,"column":22},"end":{"line":24,"column":36}}},"9":{"name":"(anonymous_9)","line":45,"loc":{"start":{"line":25,"column":47},"end":{"line":25,"column":54}}},"10":{"name":"(anonymous_10)","line":53,"loc":{"start":{"line":34,"column":22},"end":{"line":34,"column":36}}},"11":{"name":"(anonymous_11)","line":54,"loc":{"start":{"line":35,"column":45},"end":{"line":35,"column":52}}},"12":{"name":"(anonymous_12)","line":62,"loc":{"start":{"line":43,"column":63},"end":{"line":43,"column":69}}},"13":{"name":"(anonymous_13)","line":65,"loc":{"start":{"line":46,"column":17},"end":{"line":46,"column":26}}}},"statementMap":{"1":{"start":{"line":0,"column":0},"end":{"line":0,"column":0},"skip":true},"2":{"start":{"line":0,"column":0},"end":{"line":0,"column":0},"skip":true},"3":{"start":{"line":0,"column":0},"end":{"line":0,"column":0},"skip":true},"4":{"start":{"line":0,"column":0},"end":{"line":0,"column":0},"skip":true},"5":{"start":{"line":1,"column":-15},"end":{"line":1,"column":-15}},"6":{"start":{"line":0,"column":0},"end":{"line":0,"column":0},"skip":true},"7":{"start":{"line":2,"column":0},"end":{"line":2,"column":0}},"8":{"start":{"line":0,"column":0},"end":{"line":0,"column":0},"skip":true},"9":{"start":{"line":0,"column":0},"end":{"line":0,"column":0},"skip":true},"10":{"start":{"line":0,"column":0},"end":{"line":0,"column":0},"skip":true},"11":{"start":{"line":4,"column":7},"end":{"line":4,"column":75}},"12":{"start":{"line":4,"column":36},"end":{"line":4,"column":36}},"13":{"start":{"line":5,"column":7},"end":{"line":5,"column":72}},"14":{"start":{"line":5,"column":36},"end":{"line":5,"column":36}},"15":{"start":{"line":7,"column":7},"end":{"line":50,"column":1}},"16":{"start":{"line":8,"column":4},"end":{"line":8,"column":4}},"17":{"start":{"line":9,"column":8},"end":{"line":11,"column":9}},"18":{"start":{"line":10,"column":12},"end":{"line":10,"column":12}},"19":{"start":{"line":13,"column":8},"end":{"line":13,"column":8}},"20":{"start":{"line":16,"column":12},"end":{"line":18,"column":13}},"21":{"start":{"line":17,"column":16},"end":{"line":17,"column":16}},"22":{"start":{"line":20,"column":12},"end":{"line":20,"column":12}},"23":{"start":{"line":20,"column":71},"end":{"line":20,"column":89}},"24":{"start":{"line":20,"column":89},"end":{"line":20,"column":89}},"25":{"start":{"line":21,"column":12},"end":{"line":21,"column":12}},"26":{"start":{"line":23,"column":12},"end":{"line":23,"column":12}},"27":{"start":{"line":25,"column":20},"end":{"line":25,"column":20}},"28":{"start":{"line":26,"column":24},"end":{"line":26,"column":24}},"29":{"start":{"line":27,"column":24},"end":{"line":29,"column":25}},"30":{"start":{"line":28,"column":28},"end":{"line":28,"column":28}},"31":{"start":{"line":33,"column":12},"end":{"line":33,"column":12}},"32":{"start":{"line":35,"column":20},"end":{"line":35,"column":20}},"33":{"start":{"line":36,"column":24},"end":{"line":36,"column":24}},"34":{"start":{"line":37,"column":24},"end":{"line":39,"column":25}},"35":{"start":{"line":38,"column":28},"end":{"line":38,"column":28}},"36":{"start":{"line":43,"column":12},"end":{"line":43,"column":12}},"37":{"start":{"line":44,"column":16},"end":{"line":44,"column":16}},"38":{"start":{"line":47,"column":12},"end":{"line":47,"column":12}}},"branchMap":{"1":{"line":18,"type":"cond-expr","locations":[{"start":{"line":0,"column":0},"end":{"line":0,"column":0},"skip":true},{"start":{"line":0,"column":0},"end":{"line":0,"column":0},"skip":true}]},"2":{"line":18,"type":"binary-expr","locations":[{"start":{"line":0,"column":0},"end":{"line":0,"column":0},"skip":true},{"start":{"line":0,"column":0},"end":{"line":0,"column":0},"skip":true}]},"3":{"line":29,"type":"if","locations":[{"start":{"line":9,"column":8},"end":{"line":9,"column":8}},{"start":{"line":9,"column":8},"end":{"line":9,"column":8}}]},"4":{"line":29,"type":"binary-expr","locations":[{"start":{"line":9,"column":12},"end":{"line":9,"column":12}},{"start":{"line":9,"column":31},"end":{"line":9,"column":8}}]},"5":{"line":33,"type":"cond-expr","locations":[{"start":{"line":13,"column":26},"end":{"line":13,"column":17}},{"start":{"line":13,"column":35},"end":{"line":13,"column":8}}]},"6":{"line":33,"type":"cond-expr","locations":[{"start":{"line":13,"column":64},"end":{"line":13,"column":57}},{"start":{"line":13,"column":77},"end":{"line":13,"column":42}}]},"7":{"line":35,"type":"if","locations":[{"start":{"line":16,"column":12},"end":{"line":16,"column":12}},{"start":{"line":16,"column":12},"end":{"line":16,"column":12}}]},"8":{"line":35,"type":"binary-expr","locations":[{"start":{"line":16,"column":16},"end":{"line":16,"column":16}},{"start":{"line":16,"column":35},"end":{"line":16,"column":12}}]},"9":{"line":47,"type":"if","locations":[{"start":{"line":27,"column":24},"end":{"line":27,"column":24}},{"start":{"line":27,"column":24},"end":{"line":27,"column":24}}]},"10":{"line":56,"type":"if","locations":[{"start":{"line":37,"column":24},"end":{"line":37,"column":24}},{"start":{"line":37,"column":24},"end":{"line":37,"column":24}}]}}},"/Users/chenlaizhang/Downloads/COMP531/hw5/src/components/article/articleActions.js":{"path":"/Users/chenlaizhang/Downloads/COMP531/hw5/src/components/article/articleActions.js","s":{"1":1,"2":1,"3":1,"4":1,"5":1,"6":1,"7":1,"8":1,"9":1,"10":1,"11":0,"12":0,"13":0,"14":0,"15":0,"16":1,"17":0,"18":0,"19":0,"20":0,"21":0,"22":0,"23":0,"24":0,"25":0,"26":0,"27":0,"28":0,"29":0,"30":0,"31":0,"32":0,"33":0,"34":0,"35":1,"36":0,"37":0,"38":0,"39":0,"40":0,"41":0,"42":0,"43":1,"44":0,"45":0,"46":0,"47":0,"48":0,"49":0,"50":0,"51":1,"52":0},"b":{"1":[1,0],"2":[1,1],"3":[0,0],"4":[0,0],"5":[0,0]},"f":{"1":1,"2":0,"3":0,"4":0,"5":0,"6":0,"7":0,"8":0,"9":0,"10":0,"11":0,"12":0,"13":0,"14":0,"15":0,"16":0,"17":0,"18":0,"19":0},"fnMap":{"1":{"name":"_interopRequireDefault","line":15,"loc":{"start":{"line":0,"column":0},"end":{"line":0,"column":0},"skip":true},"skip":true},"2":{"name":"_toConsumableArray","line":17,"loc":{"start":{"line":0,"column":0},"end":{"line":0,"column":0},"skip":true},"skip":true},"3":{"name":"fetchArticles","line":19,"loc":{"start":{"line":3,"column":7},"end":{"line":3,"column":32}}},"4":{"name":"(anonymous_4)","line":20,"loc":{"start":{"line":4,"column":11},"end":{"line":4,"column":35}}},"5":{"name":"(anonymous_5)","line":21,"loc":{"start":{"line":6,"column":14},"end":{"line":6,"column":28}}},"6":{"name":"(anonymous_6)","line":22,"loc":{"start":{"line":7,"column":54},"end":{"line":7,"column":63}}},"7":{"name":"(anonymous_7)","line":29,"loc":{"start":{"line":14,"column":61},"end":{"line":14,"column":77}}},"8":{"name":"(anonymous_8)","line":30,"loc":{"start":{"line":15,"column":37},"end":{"line":15,"column":37}}},"9":{"name":"(anonymous_9)","line":32,"loc":{"start":{"line":15,"column":62},"end":{"line":15,"column":62}}},"10":{"name":"(anonymous_10)","line":36,"loc":{"start":{"line":17,"column":26},"end":{"line":17,"column":26}}},"11":{"name":"(anonymous_11)","line":40,"loc":{"start":{"line":20,"column":22},"end":{"line":20,"column":36}}},"12":{"name":"(anonymous_12)","line":41,"loc":{"start":{"line":21,"column":45},"end":{"line":21,"column":52}}},"13":{"name":"uploadArticle","line":51,"loc":{"start":{"line":31,"column":7},"end":{"line":31,"column":45}}},"14":{"name":"(anonymous_14)","line":52,"loc":{"start":{"line":32,"column":11},"end":{"line":32,"column":25}}},"15":{"name":"(anonymous_15)","line":56,"loc":{"start":{"line":37,"column":14},"end":{"line":37,"column":28}}},"16":{"name":"editArticle","line":63,"loc":{"start":{"line":44,"column":7},"end":{"line":44,"column":59}}},"17":{"name":"(anonymous_17)","line":64,"loc":{"start":{"line":45,"column":11},"end":{"line":45,"column":25}}},"18":{"name":"(anonymous_18)","line":67,"loc":{"start":{"line":49,"column":14},"end":{"line":49,"column":28}}},"19":{"name":"searchKeyword","line":74,"loc":{"start":{"line":56,"column":7},"end":{"line":56,"column":39}}}},"statementMap":{"1":{"start":{"line":0,"column":0},"end":{"line":0,"column":0},"skip":true},"2":{"start":{"line":0,"column":0},"end":{"line":0,"column":0},"skip":true},"3":{"start":{"line":0,"column":0},"end":{"line":0,"column":0},"skip":true},"4":{"start":{"line":0,"column":0},"end":{"line":0,"column":0},"skip":true},"5":{"start":{"line":0,"column":0},"end":{"line":0,"column":0},"skip":true},"6":{"start":{"line":1,"column":-15},"end":{"line":1,"column":-15}},"7":{"start":{"line":0,"column":0},"end":{"line":0,"column":0},"skip":true},"8":{"start":{"line":0,"column":0},"end":{"line":0,"column":0},"skip":true},"9":{"start":{"line":0,"column":0},"end":{"line":0,"column":0},"skip":true},"10":{"start":{"line":0,"column":0},"end":{"line":0,"column":0},"skip":true},"11":{"start":{"line":0,"column":0},"end":{"line":0,"column":0},"skip":true},"12":{"start":{"line":0,"column":0},"end":{"line":0,"column":0},"skip":true},"13":{"start":{"line":0,"column":0},"end":{"line":0,"column":0},"skip":true},"14":{"start":{"line":0,"column":0},"end":{"line":0,"column":0},"skip":true},"15":{"start":{"line":0,"column":0},"end":{"line":0,"column":0},"skip":true},"16":{"start":{"line":3,"column":7},"end":{"line":29,"column":1}},"17":{"start":{"line":4,"column":4},"end":{"line":4,"column":4}},"18":{"start":{"line":5,"column":8},"end":{"line":5,"column":8}},"19":{"start":{"line":7,"column":12},"end":{"line":7,"column":12}},"20":{"start":{"line":8,"column":16},"end":{"line":8,"column":16}},"21":{"start":{"line":9,"column":16},"end":{"line":9,"column":16}},"22":{"start":{"line":11,"column":12},"end":{"line":11,"column":12}},"23":{"start":{"line":13,"column":12},"end":{"line":13,"column":12}},"24":{"start":{"line":14,"column":12},"end":{"line":14,"column":12}},"25":{"start":{"line":15,"column":16},"end":{"line":15,"column":16}},"26":{"start":{"line":15,"column":37},"end":{"line":15,"column":37}},"27":{"start":{"line":15,"column":62},"end":{"line":15,"column":62}},"28":{"start":{"line":16,"column":16},"end":{"line":16,"column":16}},"29":{"start":{"line":17,"column":26},"end":{"line":17,"column":26}},"30":{"start":{"line":18,"column":12},"end":{"line":26,"column":13}},"31":{"start":{"line":19,"column":16},"end":{"line":19,"column":16}},"32":{"start":{"line":21,"column":20},"end":{"line":21,"column":20}},"33":{"start":{"line":22,"column":24},"end":{"line":22,"column":24}},"34":{"start":{"line":24,"column":20},"end":{"line":24,"column":20}},"35":{"start":{"line":31,"column":7},"end":{"line":42,"column":1}},"36":{"start":{"line":32,"column":4},"end":{"line":32,"column":4}},"37":{"start":{"line":33,"column":8},"end":{"line":33,"column":8}},"38":{"start":{"line":34,"column":8},"end":{"line":34,"column":8}},"39":{"start":{"line":35,"column":8},"end":{"line":35,"column":8}},"40":{"start":{"line":36,"column":8},"end":{"line":36,"column":8}},"41":{"start":{"line":38,"column":12},"end":{"line":38,"column":12}},"42":{"start":{"line":39,"column":12},"end":{"line":39,"column":12}},"43":{"start":{"line":44,"column":7},"end":{"line":54,"column":1}},"44":{"start":{"line":45,"column":4},"end":{"line":45,"column":4}},"45":{"start":{"line":46,"column":8},"end":{"line":46,"column":8}},"46":{"start":{"line":47,"column":8},"end":{"line":47,"column":23}},"47":{"start":{"line":47,"column":23},"end":{"line":47,"column":23}},"48":{"start":{"line":48,"column":8},"end":{"line":48,"column":8}},"49":{"start":{"line":50,"column":12},"end":{"line":50,"column":12}},"50":{"start":{"line":51,"column":12},"end":{"line":51,"column":12}},"51":{"start":{"line":56,"column":7},"end":{"line":58,"column":1}},"52":{"start":{"line":57,"column":4},"end":{"line":57,"column":4}}},"branchMap":{"1":{"line":15,"type":"cond-expr","locations":[{"start":{"line":0,"column":0},"end":{"line":0,"column":0},"skip":true},{"start":{"line":0,"column":0},"end":{"line":0,"column":0},"skip":true}]},"2":{"line":15,"type":"binary-expr","locations":[{"start":{"line":0,"column":0},"end":{"line":0,"column":0},"skip":true},{"start":{"line":0,"column":0},"end":{"line":0,"column":0},"skip":true}]},"3":{"line":17,"type":"if","locations":[{"start":{"line":0,"column":0},"end":{"line":0,"column":0},"skip":true},{"start":{"line":0,"column":0},"end":{"line":0,"column":0},"skip":true}]},"4":{"line":39,"type":"if","locations":[{"start":{"line":18,"column":12},"end":{"line":18,"column":12}},{"start":{"line":18,"column":12},"end":{"line":18,"column":12}}]},"5":{"line":66,"type":"if","locations":[{"start":{"line":47,"column":8},"end":{"line":47,"column":8}},{"start":{"line":47,"column":8},"end":{"line":47,"column":8}}]}}},"/Users/chenlaizhang/Downloads/COMP531/hw5/src/components/profile/profileActions.js":{"path":"/Users/chenlaizhang/Downloads/COMP531/hw5/src/components/profile/profileActions.js","s":{"1":1,"2":1,"3":1,"4":1,"5":1,"6":1,"7":1,"8":1,"9":0,"10":0,"11":1,"12":0,"13":0,"14":0,"15":0,"16":0,"17":1,"18":0,"19":0,"20":0,"21":0,"22":0,"23":0,"24":0,"25":0,"26":0,"27":0,"28":1,"29":0,"30":0,"31":0,"32":0,"33":0,"34":0,"35":0,"36":0,"37":0,"38":0,"39":0,"40":0,"41":0},"b":{"1":[1,0],"2":[1,1],"3":[0,0],"4":[0,0],"5":[0,0,0,0]},"f":{"1":1,"2":0,"3":0,"4":0,"5":0,"6":0,"7":0,"8":0,"9":0,"10":0,"11":0},"fnMap":{"1":{"name":"_interopRequireDefault","line":13,"loc":{"start":{"line":0,"column":0},"end":{"line":0,"column":0},"skip":true},"skip":true},"2":{"name":"updateHeadline","line":15,"loc":{"start":{"line":3,"column":7},"end":{"line":3,"column":41}}},"3":{"name":"(anonymous_3)","line":16,"loc":{"start":{"line":4,"column":11},"end":{"line":4,"column":25}}},"4":{"name":"fetchProfile","line":21,"loc":{"start":{"line":9,"column":7},"end":{"line":9,"column":31}}},"5":{"name":"(anonymous_5)","line":22,"loc":{"start":{"line":10,"column":11},"end":{"line":10,"column":25}}},"6":{"name":"updateField","line":30,"loc":{"start":{"line":19,"column":0},"end":{"line":19,"column":35}}},"7":{"name":"(anonymous_7)","line":31,"loc":{"start":{"line":20,"column":11},"end":{"line":20,"column":25}}},"8":{"name":"(anonymous_8)","line":35,"loc":{"start":{"line":24,"column":49},"end":{"line":24,"column":63}}},"9":{"name":"fetchField","line":44,"loc":{"start":{"line":37,"column":0},"end":{"line":37,"column":27}}},"10":{"name":"(anonymous_10)","line":45,"loc":{"start":{"line":38,"column":11},"end":{"line":38,"column":25}}},"11":{"name":"(anonymous_11)","line":46,"loc":{"start":{"line":39,"column":36},"end":{"line":39,"column":50}}}},"statementMap":{"1":{"start":{"line":0,"column":0},"end":{"line":0,"column":0},"skip":true},"2":{"start":{"line":0,"column":0},"end":{"line":0,"column":0},"skip":true},"3":{"start":{"line":0,"column":0},"end":{"line":0,"column":0},"skip":true},"4":{"start":{"line":1,"column":-15},"end":{"line":1,"column":-15}},"5":{"start":{"line":0,"column":0},"end":{"line":0,"column":0},"skip":true},"6":{"start":{"line":0,"column":0},"end":{"line":0,"column":0},"skip":true},"7":{"start":{"line":0,"column":0},"end":{"line":0,"column":0},"skip":true},"8":{"start":{"line":3,"column":7},"end":{"line":7,"column":1}},"9":{"start":{"line":4,"column":4},"end":{"line":4,"column":4}},"10":{"start":{"line":5,"column":8},"end":{"line":5,"column":8}},"11":{"start":{"line":9,"column":7},"end":{"line":16,"column":1}},"12":{"start":{"line":10,"column":4},"end":{"line":10,"column":4}},"13":{"start":{"line":11,"column":8},"end":{"line":11,"column":8}},"14":{"start":{"line":12,"column":8},"end":{"line":12,"column":8}},"15":{"start":{"line":13,"column":8},"end":{"line":13,"column":8}},"16":{"start":{"line":14,"column":8},"end":{"line":14,"column":8}},"17":{"start":{"line":19,"column":0},"end":{"line":34,"column":1}},"18":{"start":{"line":20,"column":4},"end":{"line":20,"column":4}},"19":{"start":{"line":21,"column":8},"end":{"line":32,"column":9}},"20":{"start":{"line":22,"column":12},"end":{"line":22,"column":12}},"21":{"start":{"line":23,"column":12},"end":{"line":23,"column":12}},"22":{"start":{"line":24,"column":12},"end":{"line":24,"column":12}},"23":{"start":{"line":25,"column":16},"end":{"line":25,"column":16}},"24":{"start":{"line":26,"column":16},"end":{"line":26,"column":16}},"25":{"start":{"line":27,"column":16},"end":{"line":30,"column":20}},"26":{"start":{"line":28,"column":20},"end":{"line":27,"column":16}},"27":{"start":{"line":30,"column":20},"end":{"line":30,"column":20}},"28":{"start":{"line":37,"column":0},"end":{"line":54,"column":1}},"29":{"start":{"line":38,"column":4},"end":{"line":38,"column":4}},"30":{"start":{"line":39,"column":8},"end":{"line":39,"column":8}},"31":{"start":{"line":40,"column":12},"end":{"line":40,"column":12}},"32":{"start":{"line":41,"column":12},"end":{"line":41,"column":12}},"33":{"start":{"line":43,"column":20},"end":{"line":43,"column":64}},"34":{"start":{"line":43,"column":64},"end":{"line":43,"column":64}},"35":{"start":{"line":45,"column":20},"end":{"line":45,"column":51}},"36":{"start":{"line":45,"column":51},"end":{"line":45,"column":51}},"37":{"start":{"line":47,"column":20},"end":{"line":47,"column":55}},"38":{"start":{"line":47,"column":55},"end":{"line":47,"column":55}},"39":{"start":{"line":49,"column":20},"end":{"line":49,"column":72}},"40":{"start":{"line":49,"column":72},"end":{"line":49,"column":72}},"41":{"start":{"line":51,"column":12},"end":{"line":51,"column":12}}},"branchMap":{"1":{"line":13,"type":"cond-expr","locations":[{"start":{"line":0,"column":0},"end":{"line":0,"column":0},"skip":true},{"start":{"line":0,"column":0},"end":{"line":0,"column":0},"skip":true}]},"2":{"line":13,"type":"binary-expr","locations":[{"start":{"line":0,"column":0},"end":{"line":0,"column":0},"skip":true},{"start":{"line":0,"column":0},"end":{"line":0,"column":0},"skip":true}]},"3":{"line":32,"type":"if","locations":[{"start":{"line":21,"column":8},"end":{"line":21,"column":8}},{"start":{"line":21,"column":8},"end":{"line":21,"column":8}}]},"4":{"line":38,"type":"if","locations":[{"start":{"line":27,"column":16},"end":{"line":27,"column":16}},{"start":{"line":27,"column":16},"end":{"line":27,"column":16}}]},"5":{"line":48,"type":"switch","locations":[{"start":{"line":42,"column":16},"end":{"line":43,"column":64}},{"start":{"line":44,"column":16},"end":{"line":45,"column":51}},{"start":{"line":46,"column":16},"end":{"line":47,"column":55}},{"start":{"line":48,"column":16},"end":{"line":49,"column":72}}]}}},"/Users/chenlaizhang/Downloads/COMP531/hw5/src/components/main/main.js":{"path":"/Users/chenlaizhang/Downloads/COMP531/hw5/src/components/main/main.js","s":{"1":1,"2":1,"3":1,"4":1,"5":1,"6":1,"7":1,"8":1,"9":1,"10":1,"11":1,"12":1,"13":4,"14":1,"15":0,"16":1},"b":{"1":[3,1],"2":[4,4]},"f":{"1":4,"2":0},"fnMap":{"1":{"name":"_interopRequireDefault","line":27,"loc":{"start":{"line":0,"column":0},"end":{"line":0,"column":0},"skip":true},"skip":true},"2":{"name":"Main","line":29,"loc":{"start":{"line":9,"column":13},"end":{"line":9,"column":13}}}},"statementMap":{"1":{"start":{"line":0,"column":0},"end":{"line":0,"column":0},"skip":true},"2":{"start":{"line":1,"column":-15},"end":{"line":1,"column":-15}},"3":{"start":{"line":0,"column":0},"end":{"line":0,"column":0},"skip":true},"4":{"start":{"line":3,"column":0},"end":{"line":3,"column":0}},"5":{"start":{"line":0,"column":0},"end":{"line":0,"column":0},"skip":true},"6":{"start":{"line":4,"column":0},"end":{"line":4,"column":0}},"7":{"start":{"line":0,"column":0},"end":{"line":0,"column":0},"skip":true},"8":{"start":{"line":5,"column":0},"end":{"line":5,"column":0}},"9":{"start":{"line":0,"column":0},"end":{"line":0,"column":0},"skip":true},"10":{"start":{"line":6,"column":0},"end":{"line":6,"column":0}},"11":{"start":{"line":7,"column":0},"end":{"line":7,"column":0}},"12":{"start":{"line":0,"column":0},"end":{"line":0,"column":0},"skip":true},"13":{"start":{"line":0,"column":0},"end":{"line":0,"column":0},"skip":true},"14":{"start":{"line":9,"column":0},"end":{"line":9,"column":0}},"15":{"start":{"line":9,"column":13},"end":{"line":9,"column":13}},"16":{"start":{"line":0,"column":0},"end":{"line":0,"column":0},"skip":true}},"branchMap":{"1":{"line":27,"type":"cond-expr","locations":[{"start":{"line":0,"column":0},"end":{"line":0,"column":0},"skip":true},{"start":{"line":0,"column":0},"end":{"line":0,"column":0},"skip":true}]},"2":{"line":27,"type":"binary-expr","locations":[{"start":{"line":0,"column":0},"end":{"line":0,"column":0},"skip":true},{"start":{"line":0,"column":0},"end":{"line":0,"column":0},"skip":true}]}}},"/Users/chenlaizhang/Downloads/COMP531/hw5/src/components/main/headline.js":{"path":"/Users/chenlaizhang/Downloads/COMP531/hw5/src/components/main/headline.js","s":{"1":1,"2":1,"3":1,"4":1,"5":1,"6":1,"7":1,"8":1,"9":1,"10":1,"11":1,"12":1,"13":1,"14":1,"15":0,"16":1,"17":1,"18":1,"19":1,"20":1,"21":1,"22":1,"23":1,"24":0,"25":0,"26":1,"27":0,"28":0,"29":0,"30":1,"31":1,"32":0,"33":1,"34":1,"35":1,"36":1,"37":1,"38":1,"39":0,"40":0,"41":1,"42":0,"43":0,"44":0,"45":0,"46":0,"47":0,"48":1,"49":1,"50":0},"b":{"1":[1,1],"2":[1,0],"3":[1,0],"4":[0,1],"5":[0,1],"6":[1,1],"7":[0,0],"8":[0,0],"9":[0,0],"10":[0,0,0],"11":[0,1],"12":[1,0],"13":[1,1],"14":[1,0],"15":[1,0],"16":[0,0],"17":[0,0],"18":[0,0]},"f":{"1":1,"2":1,"3":1,"4":1,"5":0,"6":0,"7":1,"8":1,"9":0,"10":0,"11":0,"12":0,"13":0,"14":0},"fnMap":{"1":{"name":"(anonymous_1)","line":7,"loc":{"start":{"line":0,"column":0},"end":{"line":0,"column":0},"skip":true},"skip":true},"2":{"name":"defineProperties","line":7,"loc":{"start":{"line":0,"column":0},"end":{"line":0,"column":0},"skip":true},"skip":true},"3":{"name":"(anonymous_3)","line":7,"loc":{"start":{"line":0,"column":0},"end":{"line":0,"column":0},"skip":true},"skip":true},"4":{"name":"_interopRequireDefault","line":17,"loc":{"start":{"line":0,"column":0},"end":{"line":0,"column":0},"skip":true},"skip":true},"5":{"name":"_classCallCheck","line":19,"loc":{"start":{"line":0,"column":0},"end":{"line":0,"column":0},"skip":true},"skip":true},"6":{"name":"_possibleConstructorReturn","line":21,"loc":{"start":{"line":0,"column":0},"end":{"line":0,"column":0},"skip":true},"skip":true},"7":{"name":"_inherits","line":23,"loc":{"start":{"line":0,"column":0},"end":{"line":0,"column":0},"skip":true},"skip":true},"8":{"name":"(anonymous_8)","line":25,"loc":{"start":{"line":0,"column":0},"end":{"line":0,"column":0},"skip":true},"skip":true},"9":{"name":"Headline","line":28,"loc":{"start":{"line":0,"column":0},"end":{"line":0,"column":0},"skip":true},"skip":true},"10":{"name":"render","line":36,"loc":{"start":{"line":0,"column":0},"end":{"line":0,"column":0},"skip":true},"skip":true},"11":{"name":"ref","line":64,"loc":{"start":{"line":16,"column":30},"end":{"line":16,"column":40}}},"12":{"name":"onChange","line":67,"loc":{"start":{"line":17,"column":34},"end":{"line":17,"column":34}}},"13":{"name":"onClick","line":79,"loc":{"start":{"line":22,"column":37},"end":{"line":22,"column":43}}},"14":{"name":"(anonymous_14)","line":93,"loc":{"start":{"line":33,"column":4},"end":{"line":33,"column":15}}}},"statementMap":{"1":{"start":{"line":0,"column":0},"end":{"line":0,"column":0},"skip":true},"2":{"start":{"line":0,"column":0},"end":{"line":0,"column":0},"skip":true},"3":{"start":{"line":0,"column":0},"end":{"line":0,"column":0},"skip":true},"4":{"start":{"line":0,"column":0},"end":{"line":0,"column":0},"skip":true},"5":{"start":{"line":0,"column":0},"end":{"line":0,"column":0},"skip":true},"6":{"start":{"line":0,"column":0},"end":{"line":0,"column":0},"skip":true},"7":{"start":{"line":0,"column":0},"end":{"line":0,"column":0},"skip":true},"8":{"start":{"line":0,"column":0},"end":{"line":0,"column":0},"skip":true},"9":{"start":{"line":0,"column":0},"end":{"line":0,"column":0},"skip":true},"10":{"start":{"line":0,"column":0},"end":{"line":0,"column":0},"skip":true},"11":{"start":{"line":0,"column":0},"end":{"line":0,"column":0},"skip":true},"12":{"start":{"line":0,"column":0},"end":{"line":0,"column":0},"skip":true},"13":{"start":{"line":0,"column":0},"end":{"line":0,"column":0},"skip":true},"14":{"start":{"line":0,"column":0},"end":{"line":0,"column":0},"skip":true},"15":{"start":{"line":0,"column":0},"end":{"line":0,"column":0},"skip":true},"16":{"start":{"line":0,"column":0},"end":{"line":0,"column":0},"skip":true},"17":{"start":{"line":1,"column":-15},"end":{"line":1,"column":-15}},"18":{"start":{"line":0,"column":0},"end":{"line":0,"column":0},"skip":true},"19":{"start":{"line":2,"column":0},"end":{"line":2,"column":0}},"20":{"start":{"line":3,"column":0},"end":{"line":3,"column":0}},"21":{"start":{"line":0,"column":0},"end":{"line":0,"column":0},"skip":true},"22":{"start":{"line":0,"column":0},"end":{"line":0,"column":0},"skip":true},"23":{"start":{"line":0,"column":0},"end":{"line":0,"column":0},"skip":true},"24":{"start":{"line":0,"column":0},"end":{"line":0,"column":0},"skip":true},"25":{"start":{"line":0,"column":0},"end":{"line":0,"column":0},"skip":true},"26":{"start":{"line":0,"column":0},"end":{"line":0,"column":0},"skip":true},"27":{"start":{"line":0,"column":0},"end":{"line":0,"column":0},"skip":true},"28":{"start":{"line":0,"column":0},"end":{"line":0,"column":0},"skip":true},"29":{"start":{"line":0,"column":0},"end":{"line":0,"column":0},"skip":true},"30":{"start":{"line":0,"column":0},"end":{"line":0,"column":0},"skip":true},"31":{"start":{"line":0,"column":0},"end":{"line":0,"column":0},"skip":true},"32":{"start":{"line":0,"column":0},"end":{"line":0,"column":0},"skip":true},"33":{"start":{"line":0,"column":0},"end":{"line":0,"column":0},"skip":true},"34":{"start":{"line":0,"column":0},"end":{"line":0,"column":0},"skip":true},"35":{"start":{"line":0,"column":0},"end":{"line":0,"column":0},"skip":true},"36":{"start":{"line":0,"column":0},"end":{"line":0,"column":0},"skip":true},"37":{"start":{"line":0,"column":0},"end":{"line":0,"column":0},"skip":true},"38":{"start":{"line":0,"column":0},"end":{"line":0,"column":0},"skip":true},"39":{"start":{"line":0,"column":0},"end":{"line":0,"column":0},"skip":true},"40":{"start":{"line":0,"column":0},"end":{"line":0,"column":0},"skip":true},"41":{"start":{"line":0,"column":0},"end":{"line":0,"column":0},"skip":true},"42":{"start":{"line":7,"column":13},"end":{"line":7,"column":13}},"43":{"start":{"line":7,"column":15},"end":{"line":7,"column":15}},"44":{"start":{"line":16,"column":42},"end":{"line":16,"column":42}},"45":{"start":{"line":17,"column":34},"end":{"line":17,"column":34}},"46":{"start":{"line":23,"column":32},"end":{"line":23,"column":32}},"47":{"start":{"line":24,"column":32},"end":{"line":24,"column":32}},"48":{"start":{"line":0,"column":0},"end":{"line":0,"column":0},"skip":true},"49":{"start":{"line":0,"column":0},"end":{"line":0,"column":0},"skip":true},"50":{"start":{"line":34,"column":8},"end":{"line":34,"column":8}}},"branchMap":{"1":{"line":7,"type":"binary-expr","locations":[{"start":{"line":0,"column":0},"end":{"line":0,"column":0},"skip":true},{"start":{"line":0,"column":0},"end":{"line":0,"column":0},"skip":true}]},"2":{"line":7,"type":"if","locations":[{"start":{"line":0,"column":0},"end":{"line":0,"column":0},"skip":true},{"start":{"line":0,"column":0},"end":{"line":0,"column":0},"skip":true}]},"3":{"line":7,"type":"if","locations":[{"start":{"line":0,"column":0},"end":{"line":0,"column":0},"skip":true},{"start":{"line":0,"column":0},"end":{"line":0,"column":0},"skip":true}]},"4":{"line":7,"type":"if","locations":[{"start":{"line":0,"column":0},"end":{"line":0,"column":0},"skip":true},{"start":{"line":0,"column":0},"end":{"line":0,"column":0},"skip":true}]},"5":{"line":17,"type":"cond-expr","locations":[{"start":{"line":0,"column":0},"end":{"line":0,"column":0},"skip":true},{"start":{"line":0,"column":0},"end":{"line":0,"column":0},"skip":true}]},"6":{"line":17,"type":"binary-expr","locations":[{"start":{"line":0,"column":0},"end":{"line":0,"column":0},"skip":true},{"start":{"line":0,"column":0},"end":{"line":0,"column":0},"skip":true}]},"7":{"line":19,"type":"if","locations":[{"start":{"line":0,"column":0},"end":{"line":0,"column":0},"skip":true},{"start":{"line":0,"column":0},"end":{"line":0,"column":0},"skip":true}]},"8":{"line":21,"type":"if","locations":[{"start":{"line":0,"column":0},"end":{"line":0,"column":0},"skip":true},{"start":{"line":0,"column":0},"end":{"line":0,"column":0},"skip":true}]},"9":{"line":21,"type":"cond-expr","locations":[{"start":{"line":0,"column":0},"end":{"line":0,"column":0},"skip":true},{"start":{"line":0,"column":0},"end":{"line":0,"column":0},"skip":true}]},"10":{"line":21,"type":"binary-expr","locations":[{"start":{"line":0,"column":0},"end":{"line":0,"column":0},"skip":true},{"start":{"line":0,"column":0},"end":{"line":0,"column":0},"skip":true},{"start":{"line":0,"column":0},"end":{"line":0,"column":0},"skip":true}]},"11":{"line":23,"type":"if","locations":[{"start":{"line":0,"column":0},"end":{"line":0,"column":0},"skip":true},{"start":{"line":0,"column":0},"end":{"line":0,"column":0},"skip":true}]},"12":{"line":23,"type":"binary-expr","locations":[{"start":{"line":0,"column":0},"end":{"line":0,"column":0},"skip":true},{"start":{"line":0,"column":0},"end":{"line":0,"column":0},"skip":true}]},"13":{"line":23,"type":"binary-expr","locations":[{"start":{"line":0,"column":0},"end":{"line":0,"column":0},"skip":true},{"start":{"line":0,"column":0},"end":{"line":0,"column":0},"skip":true}]},"14":{"line":23,"type":"if","locations":[{"start":{"line":0,"column":0},"end":{"line":0,"column":0},"skip":true},{"start":{"line":0,"column":0},"end":{"line":0,"column":0},"skip":true}]},"15":{"line":23,"type":"cond-expr","locations":[{"start":{"line":0,"column":0},"end":{"line":0,"column":0},"skip":true},{"start":{"line":0,"column":0},"end":{"line":0,"column":0},"skip":true}]},"16":{"line":31,"type":"binary-expr","locations":[{"start":{"line":0,"column":0},"end":{"line":0,"column":0},"skip":true},{"start":{"line":0,"column":0},"end":{"line":0,"column":0},"skip":true}]},"17":{"line":72,"type":"cond-expr","locations":[{"start":{"line":19,"column":77},"end":{"line":19,"column":18}},{"start":{"line":20,"column":20},"end":{"line":20,"column":20}}]},"18":{"line":72,"type":"binary-expr","locations":[{"start":{"line":19,"column":20},"end":{"line":19,"column":20}},{"start":{"line":19,"column":40},"end":{"line":19,"column":18}}]}}},"/Users/chenlaizhang/Downloads/COMP531/hw5/src/components/main/following.js":{"path":"/Users/chenlaizhang/Downloads/COMP531/hw5/src/components/main/following.js","s":{"1":1,"2":1,"3":1,"4":1,"5":1,"6":1,"7":1,"8":1,"9":1,"10":1,"11":1,"12":1,"13":1,"14":1,"15":0,"16":1,"17":1,"18":1,"19":1,"20":1,"21":1,"22":1,"23":1,"24":0,"25":0,"26":1,"27":0,"28":0,"29":0,"30":1,"31":1,"32":0,"33":1,"34":1,"35":1,"36":1,"37":0,"38":0,"39":0,"40":1,"41":1,"42":1,"43":1,"44":0,"45":0,"46":1,"47":0,"48":0,"49":0,"50":0,"51":0,"52":0,"53":0,"54":0,"55":0,"56":1,"57":1,"58":1,"59":0},"b":{"1":[1,1],"2":[1,0],"3":[1,0],"4":[0,1],"5":[0,1],"6":[1,1],"7":[0,0],"8":[0,0],"9":[0,0],"10":[0,0,0],"11":[0,1],"12":[1,0],"13":[1,1],"14":[1,0],"15":[1,0],"16":[0,0],"17":[0,0],"18":[0,0,0],"19":[0,0]},"f":{"1":1,"2":1,"3":1,"4":1,"5":0,"6":0,"7":1,"8":0,"9":0,"10":1,"11":0,"12":0,"13":0,"14":0,"15":0,"16":0,"17":0,"18":0},"fnMap":{"1":{"name":"(anonymous_1)","line":7,"loc":{"start":{"line":0,"column":0},"end":{"line":0,"column":0},"skip":true},"skip":true},"2":{"name":"defineProperties","line":7,"loc":{"start":{"line":0,"column":0},"end":{"line":0,"column":0},"skip":true},"skip":true},"3":{"name":"(anonymous_3)","line":7,"loc":{"start":{"line":0,"column":0},"end":{"line":0,"column":0},"skip":true},"skip":true},"4":{"name":"_interopRequireDefault","line":17,"loc":{"start":{"line":0,"column":0},"end":{"line":0,"column":0},"skip":true},"skip":true},"5":{"name":"_classCallCheck","line":19,"loc":{"start":{"line":0,"column":0},"end":{"line":0,"column":0},"skip":true},"skip":true},"6":{"name":"_possibleConstructorReturn","line":21,"loc":{"start":{"line":0,"column":0},"end":{"line":0,"column":0},"skip":true},"skip":true},"7":{"name":"_inherits","line":23,"loc":{"start":{"line":0,"column":0},"end":{"line":0,"column":0},"skip":true},"skip":true},"8":{"name":"Follower","line":25,"loc":{"start":{"line":6,"column":17},"end":{"line":6,"column":17}}},"9":{"name":"onClick","line":51,"loc":{"start":{"line":12,"column":78},"end":{"line":12,"column":84}}},"10":{"name":"(anonymous_10)","line":70,"loc":{"start":{"line":0,"column":0},"end":{"line":0,"column":0},"skip":true},"skip":true},"11":{"name":"Following","line":73,"loc":{"start":{"line":0,"column":0},"end":{"line":0,"column":0},"skip":true},"skip":true},"12":{"name":"render","line":81,"loc":{"start":{"line":0,"column":0},"end":{"line":0,"column":0},"skip":true},"skip":true},"13":{"name":"(anonymous_13)","line":96,"loc":{"start":{"line":29,"column":59},"end":{"line":29,"column":59}}},"14":{"name":"(anonymous_14)","line":98,"loc":{"start":{"line":29,"column":95},"end":{"line":29,"column":95}}},"15":{"name":"ref","line":110,"loc":{"start":{"line":36,"column":29},"end":{"line":36,"column":29}}},"16":{"name":"onChange","line":113,"loc":{"start":{"line":37,"column":34},"end":{"line":37,"column":41}}},"17":{"name":"onClick","line":126,"loc":{"start":{"line":41,"column":33},"end":{"line":41,"column":39}}},"18":{"name":"(anonymous_18)","line":151,"loc":{"start":{"line":64,"column":4},"end":{"line":64,"column":15}}}},"statementMap":{"1":{"start":{"line":0,"column":0},"end":{"line":0,"column":0},"skip":true},"2":{"start":{"line":0,"column":0},"end":{"line":0,"column":0},"skip":true},"3":{"start":{"line":0,"column":0},"end":{"line":0,"column":0},"skip":true},"4":{"start":{"line":0,"column":0},"end":{"line":0,"column":0},"skip":true},"5":{"start":{"line":0,"column":0},"end":{"line":0,"column":0},"skip":true},"6":{"start":{"line":0,"column":0},"end":{"line":0,"column":0},"skip":true},"7":{"start":{"line":0,"column":0},"end":{"line":0,"column":0},"skip":true},"8":{"start":{"line":0,"column":0},"end":{"line":0,"column":0},"skip":true},"9":{"start":{"line":0,"column":0},"end":{"line":0,"column":0},"skip":true},"10":{"start":{"line":0,"column":0},"end":{"line":0,"column":0},"skip":true},"11":{"start":{"line":0,"column":0},"end":{"line":0,"column":0},"skip":true},"12":{"start":{"line":0,"column":0},"end":{"line":0,"column":0},"skip":true},"13":{"start":{"line":0,"column":0},"end":{"line":0,"column":0},"skip":true},"14":{"start":{"line":0,"column":0},"end":{"line":0,"column":0},"skip":true},"15":{"start":{"line":0,"column":0},"end":{"line":0,"column":0},"skip":true},"16":{"start":{"line":0,"column":0},"end":{"line":0,"column":0},"skip":true},"17":{"start":{"line":1,"column":-15},"end":{"line":1,"column":-15}},"18":{"start":{"line":0,"column":0},"end":{"line":0,"column":0},"skip":true},"19":{"start":{"line":2,"column":0},"end":{"line":2,"column":0}},"20":{"start":{"line":4,"column":0},"end":{"line":4,"column":0}},"21":{"start":{"line":0,"column":0},"end":{"line":0,"column":0},"skip":true},"22":{"start":{"line":0,"column":0},"end":{"line":0,"column":0},"skip":true},"23":{"start":{"line":0,"column":0},"end":{"line":0,"column":0},"skip":true},"24":{"start":{"line":0,"column":0},"end":{"line":0,"column":0},"skip":true},"25":{"start":{"line":0,"column":0},"end":{"line":0,"column":0},"skip":true},"26":{"start":{"line":0,"column":0},"end":{"line":0,"column":0},"skip":true},"27":{"start":{"line":0,"column":0},"end":{"line":0,"column":0},"skip":true},"28":{"start":{"line":0,"column":0},"end":{"line":0,"column":0},"skip":true},"29":{"start":{"line":0,"column":0},"end":{"line":0,"column":0},"skip":true},"30":{"start":{"line":0,"column":0},"end":{"line":0,"column":0},"skip":true},"31":{"start":{"line":0,"column":0},"end":{"line":0,"column":0},"skip":true},"32":{"start":{"line":0,"column":0},"end":{"line":0,"column":0},"skip":true},"33":{"start":{"line":0,"column":0},"end":{"line":0,"column":0},"skip":true},"34":{"start":{"line":0,"column":0},"end":{"line":0,"column":0},"skip":true},"35":{"start":{"line":0,"column":0},"end":{"line":0,"column":0},"skip":true},"36":{"start":{"line":6,"column":0},"end":{"line":6,"column":0}},"37":{"start":{"line":6,"column":17},"end":{"line":6,"column":17}},"38":{"start":{"line":6,"column":17},"end":{"line":6,"column":17}},"39":{"start":{"line":12,"column":86},"end":{"line":12,"column":86}},"40":{"start":{"line":18,"column":0},"end":{"line":18,"column":0}},"41":{"start":{"line":0,"column":0},"end":{"line":0,"column":0},"skip":true},"42":{"start":{"line":0,"column":0},"end":{"line":0,"column":0},"skip":true},"43":{"start":{"line":0,"column":0},"end":{"line":0,"column":0},"skip":true},"44":{"start":{"line":0,"column":0},"end":{"line":0,"column":0},"skip":true},"45":{"start":{"line":0,"column":0},"end":{"line":0,"column":0},"skip":true},"46":{"start":{"line":0,"column":0},"end":{"line":0,"column":0},"skip":true},"47":{"start":{"line":26,"column":13},"end":{"line":26,"column":13}},"48":{"start":{"line":26,"column":15},"end":{"line":26,"column":15}},"49":{"start":{"line":29,"column":59},"end":{"line":29,"column":59}},"50":{"start":{"line":29,"column":95},"end":{"line":29,"column":95}},"51":{"start":{"line":36,"column":29},"end":{"line":36,"column":29}},"52":{"start":{"line":37,"column":43},"end":{"line":37,"column":43}},"53":{"start":{"line":42,"column":28},"end":{"line":42,"column":28}},"54":{"start":{"line":43,"column":28},"end":{"line":43,"column":28}},"55":{"start":{"line":44,"column":28},"end":{"line":44,"column":28}},"56":{"start":{"line":0,"column":0},"end":{"line":0,"column":0},"skip":true},"57":{"start":{"line":58,"column":0},"end":{"line":58,"column":0}},"58":{"start":{"line":0,"column":0},"end":{"line":0,"column":0},"skip":true},"59":{"start":{"line":65,"column":8},"end":{"line":65,"column":8}}},"branchMap":{"1":{"line":7,"type":"binary-expr","locations":[{"start":{"line":0,"column":0},"end":{"line":0,"column":0},"skip":true},{"start":{"line":0,"column":0},"end":{"line":0,"column":0},"skip":true}]},"2":{"line":7,"type":"if","locations":[{"start":{"line":0,"column":0},"end":{"line":0,"column":0},"skip":true},{"start":{"line":0,"column":0},"end":{"line":0,"column":0},"skip":true}]},"3":{"line":7,"type":"if","locations":[{"start":{"line":0,"column":0},"end":{"line":0,"column":0},"skip":true},{"start":{"line":0,"column":0},"end":{"line":0,"column":0},"skip":true}]},"4":{"line":7,"type":"if","locations":[{"start":{"line":0,"column":0},"end":{"line":0,"column":0},"skip":true},{"start":{"line":0,"column":0},"end":{"line":0,"column":0},"skip":true}]},"5":{"line":17,"type":"cond-expr","locations":[{"start":{"line":0,"column":0},"end":{"line":0,"column":0},"skip":true},{"start":{"line":0,"column":0},"end":{"line":0,"column":0},"skip":true}]},"6":{"line":17,"type":"binary-expr","locations":[{"start":{"line":0,"column":0},"end":{"line":0,"column":0},"skip":true},{"start":{"line":0,"column":0},"end":{"line":0,"column":0},"skip":true}]},"7":{"line":19,"type":"if","locations":[{"start":{"line":0,"column":0},"end":{"line":0,"column":0},"skip":true},{"start":{"line":0,"column":0},"end":{"line":0,"column":0},"skip":true}]},"8":{"line":21,"type":"if","locations":[{"start":{"line":0,"column":0},"end":{"line":0,"column":0},"skip":true},{"start":{"line":0,"column":0},"end":{"line":0,"column":0},"skip":true}]},"9":{"line":21,"type":"cond-expr","locations":[{"start":{"line":0,"column":0},"end":{"line":0,"column":0},"skip":true},{"start":{"line":0,"column":0},"end":{"line":0,"column":0},"skip":true}]},"10":{"line":21,"type":"binary-expr","locations":[{"start":{"line":0,"column":0},"end":{"line":0,"column":0},"skip":true},{"start":{"line":0,"column":0},"end":{"line":0,"column":0},"skip":true},{"start":{"line":0,"column":0},"end":{"line":0,"column":0},"skip":true}]},"11":{"line":23,"type":"if","locations":[{"start":{"line":0,"column":0},"end":{"line":0,"column":0},"skip":true},{"start":{"line":0,"column":0},"end":{"line":0,"column":0},"skip":true}]},"12":{"line":23,"type":"binary-expr","locations":[{"start":{"line":0,"column":0},"end":{"line":0,"column":0},"skip":true},{"start":{"line":0,"column":0},"end":{"line":0,"column":0},"skip":true}]},"13":{"line":23,"type":"binary-expr","locations":[{"start":{"line":0,"column":0},"end":{"line":0,"column":0},"skip":true},{"start":{"line":0,"column":0},"end":{"line":0,"column":0},"skip":true}]},"14":{"line":23,"type":"if","locations":[{"start":{"line":0,"column":0},"end":{"line":0,"column":0},"skip":true},{"start":{"line":0,"column":0},"end":{"line":0,"column":0},"skip":true}]},"15":{"line":23,"type":"cond-expr","locations":[{"start":{"line":0,"column":0},"end":{"line":0,"column":0},"skip":true},{"start":{"line":0,"column":0},"end":{"line":0,"column":0},"skip":true}]},"16":{"line":76,"type":"binary-expr","locations":[{"start":{"line":0,"column":0},"end":{"line":0,"column":0},"skip":true},{"start":{"line":0,"column":0},"end":{"line":0,"column":0},"skip":true}]},"17":{"line":122,"type":"cond-expr","locations":[{"start":{"line":39,"column":103},"end":{"line":39,"column":18}},{"start":{"line":40,"column":20},"end":{"line":34,"column":12}}]},"18":{"line":122,"type":"binary-expr","locations":[{"start":{"line":39,"column":20},"end":{"line":39,"column":20}},{"start":{"line":39,"column":40},"end":{"line":39,"column":20}},{"start":{"line":39,"column":66},"end":{"line":39,"column":18}}]},"19":{"line":133,"type":"cond-expr","locations":[{"start":{"line":48,"column":49},"end":{"line":48,"column":18}},{"start":{"line":49,"column":20},"end":{"line":49,"column":20}}]}}},"/Users/chenlaizhang/Downloads/COMP531/hw5/src/components/article/articlesView.js":{"path":"/Users/chenlaizhang/Downloads/COMP531/hw5/src/components/article/articlesView.js","s":{"1":1,"2":1,"3":1,"4":0,"5":0,"6":0,"7":0,"8":0,"9":0,"10":1,"11":1,"12":1,"13":1,"14":1,"15":1,"16":1,"17":1,"18":1,"19":3,"20":1,"21":0,"22":0,"23":0,"24":0,"25":0,"26":0,"27":0,"28":0,"29":0,"30":0,"31":0,"32":1,"33":1,"34":0,"35":0,"36":0,"37":0,"38":0,"39":0,"40":0,"41":0,"42":0,"43":0,"44":0,"45":1},"b":{"1":[1,0],"2":[0,0],"3":[2,1],"4":[3,3],"5":[0,0],"6":[0,0],"7":[0,0],"8":[0,0],"9":[0,0]},"f":{"1":0,"2":3,"3":0,"4":0,"5":0,"6":0,"7":0,"8":0,"9":0,"10":0,"11":0,"12":0},"fnMap":{"1":{"name":"(anonymous_1)","line":8,"loc":{"start":{"line":0,"column":0},"end":{"line":0,"column":0},"skip":true},"skip":true},"2":{"name":"_interopRequireDefault","line":26,"loc":{"start":{"line":0,"column":0},"end":{"line":0,"column":0},"skip":true},"skip":true},"3":{"name":"ArticlesView","line":28,"loc":{"start":{"line":9,"column":21},"end":{"line":9,"column":57}}},"4":{"name":"ref","line":48,"loc":{"start":{"line":17,"column":19},"end":{"line":17,"column":19}}},"5":{"name":"onChange","line":51,"loc":{"start":{"line":18,"column":24},"end":{"line":18,"column":30}}},"6":{"name":"(anonymous_6)","line":57,"loc":{"start":{"line":21,"column":24},"end":{"line":21,"column":33}}},"7":{"name":"(anonymous_7)","line":61,"loc":{"start":{"line":27,"column":15},"end":{"line":27,"column":15}}},"8":{"name":"(anonymous_8)","line":74,"loc":{"start":{"line":44,"column":2},"end":{"line":44,"column":13}}},"9":{"name":"(anonymous_9)","line":77,"loc":{"start":{"line":47,"column":60},"end":{"line":47,"column":60}}},"10":{"name":"(anonymous_10)","line":81,"loc":{"start":{"line":49,"column":33},"end":{"line":49,"column":40}}},"11":{"name":"(anonymous_11)","line":85,"loc":{"start":{"line":54,"column":28},"end":{"line":54,"column":35}}},"12":{"name":"(anonymous_12)","line":86,"loc":{"start":{"line":55,"column":72},"end":{"line":55,"column":79}}}},"statementMap":{"1":{"start":{"line":0,"column":0},"end":{"line":0,"column":0},"skip":true},"2":{"start":{"line":0,"column":0},"end":{"line":0,"column":0},"skip":true},"3":{"start":{"line":0,"column":0},"end":{"line":0,"column":0},"skip":true},"4":{"start":{"line":0,"column":0},"end":{"line":0,"column":0},"skip":true},"5":{"start":{"line":0,"column":0},"end":{"line":0,"column":0},"skip":true},"6":{"start":{"line":0,"column":0},"end":{"line":0,"column":0},"skip":true},"7":{"start":{"line":0,"column":0},"end":{"line":0,"column":0},"skip":true},"8":{"start":{"line":0,"column":0},"end":{"line":0,"column":0},"skip":true},"9":{"start":{"line":0,"column":0},"end":{"line":0,"column":0},"skip":true},"10":{"start":{"line":2,"column":0},"end":{"line":2,"column":0}},"11":{"start":{"line":0,"column":0},"end":{"line":0,"column":0},"skip":true},"12":{"start":{"line":3,"column":0},"end":{"line":3,"column":0}},"13":{"start":{"line":5,"column":0},"end":{"line":5,"column":0}},"14":{"start":{"line":0,"column":0},"end":{"line":0,"column":0},"skip":true},"15":{"start":{"line":6,"column":0},"end":{"line":6,"column":0}},"16":{"start":{"line":0,"column":0},"end":{"line":0,"column":0},"skip":true},"17":{"start":{"line":7,"column":0},"end":{"line":7,"column":0}},"18":{"start":{"line":0,"column":0},"end":{"line":0,"column":0},"skip":true},"19":{"start":{"line":0,"column":0},"end":{"line":0,"column":0},"skip":true},"20":{"start":{"line":9,"column":0},"end":{"line":9,"column":0}},"21":{"start":{"line":9,"column":57},"end":{"line":9,"column":57}},"22":{"start":{"line":10,"column":2},"end":{"line":10,"column":2}},"23":{"start":{"line":11,"column":2},"end":{"line":11,"column":2}},"24":{"start":{"line":17,"column":19},"end":{"line":17,"column":19}},"25":{"start":{"line":18,"column":32},"end":{"line":18,"column":32}},"26":{"start":{"line":22,"column":10},"end":{"line":23,"column":12}},"27":{"start":{"line":23,"column":12},"end":{"line":23,"column":12}},"28":{"start":{"line":24,"column":10},"end":{"line":25,"column":12}},"29":{"start":{"line":25,"column":12},"end":{"line":25,"column":12}},"30":{"start":{"line":26,"column":10},"end":{"line":26,"column":10}},"31":{"start":{"line":27,"column":15},"end":{"line":27,"column":15}},"32":{"start":{"line":36,"column":0},"end":{"line":36,"column":0}},"33":{"start":{"line":0,"column":0},"end":{"line":0,"column":0},"skip":true},"34":{"start":{"line":45,"column":4},"end":{"line":45,"column":4}},"35":{"start":{"line":46,"column":4},"end":{"line":46,"column":4}},"36":{"start":{"line":47,"column":4},"end":{"line":47,"column":4}},"37":{"start":{"line":47,"column":60},"end":{"line":47,"column":60}},"38":{"start":{"line":48,"column":4},"end":{"line":53,"column":5}},"39":{"start":{"line":49,"column":6},"end":{"line":49,"column":6}},"40":{"start":{"line":50,"column":8},"end":{"line":50,"column":8}},"41":{"start":{"line":54,"column":4},"end":{"line":54,"column":4}},"42":{"start":{"line":55,"column":6},"end":{"line":55,"column":6}},"43":{"start":{"line":56,"column":8},"end":{"line":56,"column":8}},"44":{"start":{"line":59,"column":4},"end":{"line":59,"column":4}},"45":{"start":{"line":0,"column":0},"end":{"line":0,"column":0},"skip":true}},"branchMap":{"1":{"line":8,"type":"binary-expr","locations":[{"start":{"line":0,"column":0},"end":{"line":0,"column":0},"skip":true},{"start":{"line":0,"column":0},"end":{"line":0,"column":0},"skip":true}]},"2":{"line":8,"type":"if","locations":[{"start":{"line":0,"column":0},"end":{"line":0,"column":0},"skip":true},{"start":{"line":0,"column":0},"end":{"line":0,"column":0},"skip":true}]},"3":{"line":26,"type":"cond-expr","locations":[{"start":{"line":0,"column":0},"end":{"line":0,"column":0},"skip":true},{"start":{"line":0,"column":0},"end":{"line":0,"column":0},"skip":true}]},"4":{"line":26,"type":"binary-expr","locations":[{"start":{"line":0,"column":0},"end":{"line":0,"column":0},"skip":true},{"start":{"line":0,"column":0},"end":{"line":0,"column":0},"skip":true}]},"5":{"line":58,"type":"if","locations":[{"start":{"line":22,"column":10},"end":{"line":22,"column":10}},{"start":{"line":22,"column":10},"end":{"line":22,"column":10}}]},"6":{"line":59,"type":"if","locations":[{"start":{"line":24,"column":10},"end":{"line":24,"column":10}},{"start":{"line":24,"column":10},"end":{"line":24,"column":10}}]},"7":{"line":80,"type":"if","locations":[{"start":{"line":48,"column":4},"end":{"line":48,"column":4}},{"start":{"line":48,"column":4},"end":{"line":48,"column":4}}]},"8":{"line":80,"type":"binary-expr","locations":[{"start":{"line":48,"column":8},"end":{"line":48,"column":8}},{"start":{"line":48,"column":19},"end":{"line":48,"column":4}}]},"9":{"line":82,"type":"binary-expr","locations":[{"start":{"line":50,"column":15},"end":{"line":50,"column":15}},{"start":{"line":51,"column":15},"end":{"line":50,"column":8}}]}}},"/Users/chenlaizhang/Downloads/COMP531/hw5/src/components/article/article.js":{"path":"/Users/chenlaizhang/Downloads/COMP531/hw5/src/components/article/article.js","s":{"1":1,"2":1,"3":0,"4":0,"5":0,"6":0,"7":0,"8":0,"9":1,"10":1,"11":1,"12":1,"13":1,"14":1,"15":1,"16":1,"17":1,"18":1,"19":1,"20":1,"21":1,"22":0,"23":1,"24":1,"25":1,"26":1,"27":1,"28":1,"29":1,"30":1,"31":1,"32":1,"33":1,"34":1,"35":4,"36":1,"37":0,"38":0,"39":1,"40":0,"41":0,"42":0,"43":1,"44":1,"45":0,"46":1,"47":1,"48":1,"49":1,"50":1,"51":1,"52":0,"53":0,"54":0,"55":0,"56":0,"57":0,"58":0,"59":1,"60":0,"61":0,"62":0,"63":0,"64":0,"65":0,"66":0,"67":0,"68":0,"69":0,"70":0,"71":0,"72":0,"73":0,"74":0,"75":0,"76":0,"77":0,"78":0,"79":0,"80":0,"81":0,"82":0,"83":0,"84":0,"85":0,"86":1,"87":1,"88":1},"b":{"1":[1,0],"2":[0,0],"3":[1,1],"4":[1,0],"5":[1,0],"6":[0,1],"7":[2,2],"8":[4,4],"9":[0,0],"10":[0,0],"11":[0,0],"12":[0,0,0],"13":[0,1],"14":[1,0],"15":[1,1],"16":[1,0],"17":[1,0],"18":[0,0],"19":[0,0],"20":[0,0],"21":[0,0],"22":[0,0],"23":[0,0],"24":[0,0],"25":[0,0],"26":[0,0],"27":[0,0]},"f":{"1":0,"2":1,"3":1,"4":1,"5":4,"6":0,"7":0,"8":1,"9":1,"10":0,"11":0,"12":0,"13":0,"14":0,"15":0,"16":0,"17":0,"18":0,"19":0},"fnMap":{"1":{"name":"(anonymous_1)","line":7,"loc":{"start":{"line":0,"column":0},"end":{"line":0,"column":0},"skip":true},"skip":true},"2":{"name":"(anonymous_2)","line":9,"loc":{"start":{"line":0,"column":0},"end":{"line":0,"column":0},"skip":true},"skip":true},"3":{"name":"defineProperties","line":9,"loc":{"start":{"line":0,"column":0},"end":{"line":0,"column":0},"skip":true},"skip":true},"4":{"name":"(anonymous_4)","line":9,"loc":{"start":{"line":0,"column":0},"end":{"line":0,"column":0},"skip":true},"skip":true},"5":{"name":"_interopRequireDefault","line":31,"loc":{"start":{"line":0,"column":0},"end":{"line":0,"column":0},"skip":true},"skip":true},"6":{"name":"_classCallCheck","line":33,"loc":{"start":{"line":0,"column":0},"end":{"line":0,"column":0},"skip":true},"skip":true},"7":{"name":"_possibleConstructorReturn","line":35,"loc":{"start":{"line":0,"column":0},"end":{"line":0,"column":0},"skip":true},"skip":true},"8":{"name":"_inherits","line":37,"loc":{"start":{"line":0,"column":0},"end":{"line":0,"column":0},"skip":true},"skip":true},"9":{"name":"(anonymous_9)","line":39,"loc":{"start":{"line":0,"column":0},"end":{"line":0,"column":0},"skip":true},"skip":true},"10":{"name":"Article","line":42,"loc":{"start":{"line":11,"column":2},"end":{"line":11,"column":21}}},"11":{"name":"render","line":56,"loc":{"start":{"line":0,"column":0},"end":{"line":0,"column":0},"skip":true},"skip":true},"12":{"name":"onChange","line":92,"loc":{"start":{"line":35,"column":28},"end":{"line":35,"column":35}}},"13":{"name":"onClick","line":112,"loc":{"start":{"line":47,"column":31},"end":{"line":47,"column":37}}},"14":{"name":"onClick","line":125,"loc":{"start":{"line":55,"column":31},"end":{"line":55,"column":37}}},"15":{"name":"onClick","line":136,"loc":{"start":{"line":63,"column":33},"end":{"line":63,"column":39}}},"16":{"name":"onChange","line":157,"loc":{"start":{"line":80,"column":34},"end":{"line":80,"column":41}}},"17":{"name":"onClick","line":165,"loc":{"start":{"line":87,"column":33},"end":{"line":87,"column":39}}},"18":{"name":"(anonymous_18)","line":176,"loc":{"start":{"line":100,"column":66},"end":{"line":100,"column":75}}},"19":{"name":"(anonymous_19)","line":180,"loc":{"start":{"line":106,"column":21},"end":{"line":106,"column":21}}}},"statementMap":{"1":{"start":{"line":0,"column":0},"end":{"line":0,"column":0},"skip":true},"2":{"start":{"line":0,"column":0},"end":{"line":0,"column":0},"skip":true},"3":{"start":{"line":0,"column":0},"end":{"line":0,"column":0},"skip":true},"4":{"start":{"line":0,"column":0},"end":{"line":0,"column":0},"skip":true},"5":{"start":{"line":0,"column":0},"end":{"line":0,"column":0},"skip":true},"6":{"start":{"line":0,"column":0},"end":{"line":0,"column":0},"skip":true},"7":{"start":{"line":0,"column":0},"end":{"line":0,"column":0},"skip":true},"8":{"start":{"line":0,"column":0},"end":{"line":0,"column":0},"skip":true},"9":{"start":{"line":0,"column":0},"end":{"line":0,"column":0},"skip":true},"10":{"start":{"line":0,"column":0},"end":{"line":0,"column":0},"skip":true},"11":{"start":{"line":0,"column":0},"end":{"line":0,"column":0},"skip":true},"12":{"start":{"line":0,"column":0},"end":{"line":0,"column":0},"skip":true},"13":{"start":{"line":0,"column":0},"end":{"line":0,"column":0},"skip":true},"14":{"start":{"line":0,"column":0},"end":{"line":0,"column":0},"skip":true},"15":{"start":{"line":0,"column":0},"end":{"line":0,"column":0},"skip":true},"16":{"start":{"line":0,"column":0},"end":{"line":0,"column":0},"skip":true},"17":{"start":{"line":0,"column":0},"end":{"line":0,"column":0},"skip":true},"18":{"start":{"line":0,"column":0},"end":{"line":0,"column":0},"skip":true},"19":{"start":{"line":0,"column":0},"end":{"line":0,"column":0},"skip":true},"20":{"start":{"line":0,"column":0},"end":{"line":0,"column":0},"skip":true},"21":{"start":{"line":0,"column":0},"end":{"line":0,"column":0},"skip":true},"22":{"start":{"line":0,"column":0},"end":{"line":0,"column":0},"skip":true},"23":{"start":{"line":0,"column":0},"end":{"line":0,"column":0},"skip":true},"24
[...]
"line":44,"column":12},"end":{"line":44,"column":12}},{"start":{"line":44,"column":12},"end":{"line":44,"column":12}}]},"15":{"line":67,"type":"if","locations":[{"start":{"line":45,"column":12},"end":{"line":45,"column":12}},{"start":{"line":45,"column":12},"end":{"line":45,"column":12}}]},"16":{"line":68,"type":"if","locations":[{"start":{"line":46,"column":12},"end":{"line":46,"column":12}},{"start":{"line":46,"column":12},"end":{"line":46,"column":12}}]},"17":{"line":69,"type":"if","locations":[{"start":{"line":47,"column":12},"end":{"line":47,"column":12}},{"start":{"line":47,"column":12},"end":{"line":47,"column":12}}]},"18":{"line":70,"type":"if","locations":[{"start":{"line":48,"column":12},"end":{"line":48,"column":12}},{"start":{"line":48,"column":12},"end":{"line":48,"column":12}}]},"19":{"line":77,"type":"cond-expr","locations":[{"start":{"line":54,"column":71},"end":{"line":54,"column":71}},{"start":{"line":54,"column":24},"end":{"line":54,"column":71}}]},"20":{"line":77,"type":"binary-expr","locations":[{"start":{"line":54,"column":71},"end":{"line":54,"column":71}},{"start":{"line":54,"column":71},"end":{"line":54,"column":71}}]},"21":{"line":81,"type":"switch","locations":[{"start":{"line":57,"column":8},"end":{"line":58,"column":12}},{"start":{"line":59,"column":8},"end":{"line":60,"column":12}},{"start":{"line":62,"column":8},"end":{"line":63,"column":12}},{"start":{"line":64,"column":8},"end":{"line":65,"column":12}},{"start":{"line":66,"column":8},"end":{"line":67,"column":12}},{"start":{"line":69,"column":8},"end":{"line":70,"column":12}}]}}},"/Users/chenlaizhang/Downloads/COMP531/hw5/src/components/auth/authActions.spec.js":{"path":"/Users/chenlaizhang/Downloads/COMP531/hw5/src/components/auth/authActions.spec.js","s":{"1":1,"2":1,"3":1,"4":1,"5":1,"6":1,"7":2,"8":1,"9":0,"10":0,"11":0,"12":0,"13":0,"14":0,"15":0,"16":0,"17":0,"18":0,"19":0,"20":0,"21":0,"22":0,"23":0,"24":0,"25":0,"26":0,"27":0,"28":0,"29":0,"30":0,"31":0,"32":0,"33":0,"34":0,"35":0,"36":0,"37":0,"38":0,"39":0,"40":0,"41":0,"42":0},"b":{"1":[0,2],"2":[2,2],"3":[0,0],"4":[0,0]},"f":{"1":2,"2":0,"3":0,"4":0,"5":0,"6":0,"7":0,"8":0,"9":0,"10":0},"fnMap":{"1":{"name":"_interopRequireDefault","line":13,"loc":{"start":{"line":0,"column":0},"end":{"line":0,"column":0},"skip":true},"skip":true},"2":{"name":"(anonymous_2)","line":15,"loc":{"start":{"line":7,"column":42},"end":{"line":7,"column":48}}},"3":{"name":"(anonymous_3)","line":19,"loc":{"start":{"line":9,"column":15},"end":{"line":9,"column":21}}},"4":{"name":"(anonymous_4)","line":30,"loc":{"start":{"line":20,"column":14},"end":{"line":20,"column":20}}},"5":{"name":"(anonymous_5)","line":37,"loc":{"start":{"line":27,"column":44},"end":{"line":27,"column":52}}},"6":{"name":"(anonymous_6)","line":49,"loc":{"start":{"line":40,"column":12},"end":{"line":40,"column":22}}},"7":{"name":"(anonymous_7)","line":55,"loc":{"start":{"line":47,"column":31},"end":{"line":47,"column":39}}},"8":{"name":"(anonymous_8)","line":66,"loc":{"start":{"line":61,"column":12},"end":{"line":61,"column":22}}},"9":{"name":"(anonymous_9)","line":74,"loc":{"start":{"line":70,"column":58},"end":{"line":70,"column":66}}},"10":{"name":"(anonymous_10)","line":80,"loc":{"start":{"line":78,"column":12},"end":{"line":78,"column":22}}}},"statementMap":{"1":{"start":{"line":1,"column":-15},"end":{"line":1,"column":-15}},"2":{"start":{"line":2,"column":0},"end":{"line":2,"column":0}},"3":{"start":{"line":0,"column":0},"end":{"line":0,"column":0},"skip":true},"4":{"start":{"line":3,"column":0},"end":{"line":3,"column":0}},"5":{"start":{"line":0,"column":0},"end":{"line":0,"column":0},"skip":true},"6":{"start":{"line":0,"column":0},"end":{"line":0,"column":0},"skip":true},"7":{"start":{"line":0,"column":0},"end":{"line":0,"column":0},"skip":true},"8":{"start":{"line":7,"column":0},"end":{"line":7,"column":0}},"9":{"start":{"line":8,"column":4},"end":{"line":8,"column":4}},"10":{"start":{"line":9,"column":4},"end":{"line":9,"column":4}},"11":{"start":{"line":10,"column":8},"end":{"line":17,"column":9}},"12":{"start":{"line":11,"column":12},"end":{"line":11,"column":12}},"13":{"start":{"line":12,"column":12},"end":{"line":12,"column":12}},"14":{"start":{"line":13,"column":12},"end":{"line":13,"column":12}},"15":{"start":{"line":14,"column":12},"end":{"line":14,"column":12}},"16":{"start":{"line":15,"column":12},"end":{"line":15,"column":12}},"17":{"start":{"line":16,"column":12},"end":{"line":16,"column":12}},"18":{"start":{"line":20,"column":4},"end":{"line":20,"column":4}},"19":{"start":{"line":21,"column":8},"end":{"line":24,"column":9}},"20":{"start":{"line":22,"column":12},"end":{"line":22,"column":12}},"21":{"start":{"line":23,"column":12},"end":{"line":23,"column":12}},"22":{"start":{"line":27,"column":4},"end":{"line":27,"column":4}},"23":{"start":{"line":29,"column":8},"end":{"line":29,"column":8}},"24":{"start":{"line":30,"column":8},"end":{"line":30,"column":8}},"25":{"start":{"line":32,"column":8},"end":{"line":32,"column":8}},"26":{"start":{"line":39,"column":8},"end":{"line":39,"column":8}},"27":{"start":{"line":41,"column":16},"end":{"line":41,"column":16}},"28":{"start":{"line":42,"column":16},"end":{"line":42,"column":16}},"29":{"start":{"line":47,"column":4},"end":{"line":47,"column":4}},"30":{"start":{"line":49,"column":8},"end":{"line":49,"column":8}},"31":{"start":{"line":50,"column":8},"end":{"line":50,"column":8}},"32":{"start":{"line":53,"column":8},"end":{"line":53,"column":8}},"33":{"start":{"line":60,"column":8},"end":{"line":60,"column":8}},"34":{"start":{"line":62,"column":16},"end":{"line":62,"column":16}},"35":{"start":{"line":63,"column":16},"end":{"line":63,"column":16}},"36":{"start":{"line":64,"column":16},"end":{"line":64,"column":16}},"37":{"start":{"line":65,"column":16},"end":{"line":65,"column":16}},"38":{"start":{"line":70,"column":4},"end":{"line":70,"column":4}},"39":{"start":{"line":71,"column":8},"end":{"line":71,"column":8}},"40":{"start":{"line":77,"column":8},"end":{"line":77,"column":8}},"41":{"start":{"line":79,"column":16},"end":{"line":79,"column":16}},"42":{"start":{"line":82,"column":16},"end":{"line":82,"column":16}}},"branchMap":{"1":{"line":13,"type":"cond-expr","locations":[{"start":{"line":0,"column":0},"end":{"line":0,"column":0},"skip":true},{"start":{"line":0,"column":0},"end":{"line":0,"column":0},"skip":true}]},"2":{"line":13,"type":"binary-expr","locations":[{"start":{"line":0,"column":0},"end":{"line":0,"column":0},"skip":true},{"start":{"line":0,"column":0},"end":{"line":0,"column":0},"skip":true}]},"3":{"line":20,"type":"if","locations":[{"start":{"line":10,"column":8},"end":{"line":10,"column":8}},{"start":{"line":10,"column":8},"end":{"line":10,"column":8}}]},"4":{"line":31,"type":"if","locations":[{"start":{"line":21,"column":8},"end":{"line":21,"column":8}},{"start":{"line":21,"column":8},"end":{"line":21,"column":8}}]}}},"/Users/chenlaizhang/Downloads/COMP531/hw5/src/components/profile/profileActions.spec.js":{"path":"/Users/chenlaizhang/Downloads/COMP531/hw5/src/components/profile/profileActions.spec.js","s":{"1":1,"2":1,"3":1,"4":1,"5":1,"6":1,"7":2,"8":1,"9":1,"10":0,"11":0,"12":0,"13":0,"14":0,"15":0,"16":0,"17":0,"18":0,"19":0,"20":0,"21":0,"22":0,"23":0,"24":0,"25":0,"26":0,"27":0,"28":0,"29":0,"30":0,"31":0,"32":0,"33":0,"34":0,"35":0,"36":0,"37":0,"38":0,"39":0,"40":0,"41":0,"42":0,"43":0,"44":0,"45":0,"46":0,"47":0,"48":0,"49":0},"b":{"1":[0,2],"2":[2,2],"3":[0,0],"4":[0,0],"5":[0,0],"6":[0,0],"7":[0,0]},"f":{"1":2,"2":0,"3":0,"4":0,"5":0,"6":0,"7":0,"8":0,"9":0,"10":0},"fnMap":{"1":{"name":"_interopRequireDefault","line":13,"loc":{"start":{"line":0,"column":0},"end":{"line":0,"column":0},"skip":true},"skip":true},"2":{"name":"(anonymous_2)","line":19,"loc":{"start":{"line":9,"column":34},"end":{"line":9,"column":40}}},"3":{"name":"(anonymous_3)","line":21,"loc":{"start":{"line":12,"column":12},"end":{"line":12,"column":18}}},"4":{"name":"(anonymous_4)","line":32,"loc":{"start":{"line":23,"column":11},"end":{"line":23,"column":17}}},"5":{"name":"(anonymous_5)","line":39,"loc":{"start":{"line":30,"column":30},"end":{"line":30,"column":40}}},"6":{"name":"(anonymous_6)","line":50,"loc":{"start":{"line":42,"column":7},"end":{"line":42,"column":7}}},"7":{"name":"(anonymous_7)","line":51,"loc":{"start":{"line":42,"column":16},"end":{"line":42,"column":26}}},"8":{"name":"(anonymous_8)","line":60,"loc":{"start":{"line":51,"column":49},"end":{"line":51,"column":59}}},"9":{"name":"(anonymous_9)","line":85,"loc":{"start":{"line":78,"column":5},"end":{"line":78,"column":5}}},"10":{"name":"(anonymous_10)","line":86,"loc":{"start":{"line":78,"column":14},"end":{"line":78,"column":24}}}},"statementMap":{"1":{"start":{"line":1,"column":-15},"end":{"line":1,"column":-15}},"2":{"start":{"line":2,"column":0},"end":{"line":2,"column":0}},"3":{"start":{"line":0,"column":0},"end":{"line":0,"column":0},"skip":true},"4":{"start":{"line":3,"column":0},"end":{"line":3,"column":0}},"5":{"start":{"line":0,"column":0},"end":{"line":0,"column":0},"skip":true},"6":{"start":{"line":0,"column":0},"end":{"line":0,"column":0},"skip":true},"7":{"start":{"line":0,"column":0},"end":{"line":0,"column":0},"skip":true},"8":{"start":{"line":7,"column":0},"end":{"line":7,"column":0}},"9":{"start":{"line":9,"column":0},"end":{"line":9,"column":0}},"10":{"start":{"line":12,"column":1},"end":{"line":12,"column":1}},"11":{"start":{"line":13,"column":4},"end":{"line":20,"column":5}},"12":{"start":{"line":14,"column":3},"end":{"line":14,"column":3}},"13":{"start":{"line":15,"column":3},"end":{"line":15,"column":3}},"14":{"start":{"line":16,"column":3},"end":{"line":16,"column":3}},"15":{"start":{"line":17,"column":3},"end":{"line":17,"column":3}},"16":{"start":{"line":18,"column":10},"end":{"line":18,"column":10}},"17":{"start":{"line":19,"column":10},"end":{"line":19,"column":10}},"18":{"start":{"line":23,"column":1},"end":{"line":23,"column":1}},"19":{"start":{"line":24,"column":4},"end":{"line":27,"column":5}},"20":{"start":{"line":25,"column":7},"end":{"line":25,"column":7}},"21":{"start":{"line":26,"column":7},"end":{"line":26,"column":7}},"22":{"start":{"line":30,"column":1},"end":{"line":30,"column":1}},"23":{"start":{"line":32,"column":4},"end":{"line":32,"column":4}},"24":{"start":{"line":33,"column":4},"end":{"line":33,"column":4}},"25":{"start":{"line":35,"column":4},"end":{"line":35,"column":4}},"26":{"start":{"line":41,"column":4},"end":{"line":41,"column":4}},"27":{"start":{"line":42,"column":7},"end":{"line":42,"column":7}},"28":{"start":{"line":43,"column":7},"end":{"line":43,"column":7}},"29":{"start":{"line":46,"column":7},"end":{"line":46,"column":7}},"30":{"start":{"line":51,"column":1},"end":{"line":51,"column":1}},"31":{"start":{"line":53,"column":4},"end":{"line":53,"column":4}},"32":{"start":{"line":54,"column":4},"end":{"line":54,"column":4}},"33":{"start":{"line":55,"column":4},"end":{"line":55,"column":4}},"34":{"start":{"line":57,"column":4},"end":{"line":57,"column":4}},"35":{"start":{"line":63,"column":4},"end":{"line":63,"column":4}},"36":{"start":{"line":69,"column":4},"end":{"line":69,"column":4}},"37":{"start":{"line":76,"column":4},"end":{"line":76,"column":4}},"38":{"start":{"line":77,"column":4},"end":{"line":77,"column":4}},"39":{"start":{"line":78,"column":5},"end":{"line":78,"column":5}},"40":{"start":{"line":79,"column":12},"end":{"line":97,"column":13}},"41":{"start":{"line":80,"column":16},"end":{"line":80,"column":16}},"42":{"start":{"line":83,"column":16},"end":{"line":83,"column":16}},"43":{"start":{"line":85,"column":17},"end":{"line":97,"column":13}},"44":{"start":{"line":86,"column":16},"end":{"line":86,"column":16}},"45":{"start":{"line":89,"column":16},"end":{"line":89,"column":16}},"46":{"start":{"line":91,"column":17},"end":{"line":97,"column":13}},"47":{"start":{"line":92,"column":16},"end":{"line":92,"column":16}},"48":{"start":{"line":95,"column":16},"end":{"line":95,"column":16}},"49":{"start":{"line":96,"column":16},"end":{"line":96,"column":16}}},"branchMap":{"1":{"line":13,"type":"cond-expr","locations":[{"start":{"line":0,"column":0},"end":{"line":0,"column":0},"skip":true},{"start":{"line":0,"column":0},"end":{"line":0,"column":0},"skip":true}]},"2":{"line":13,"type":"binary-expr","locations":[{"start":{"line":0,"column":0},"end":{"line":0,"column":0},"skip":true},{"start":{"line":0,"column":0},"end":{"line":0,"column":0},"skip":true}]},"3":{"line":22,"type":"if","locations":[{"start":{"line":13,"column":4},"end":{"line":13,"column":4}},{"start":{"line":13,"column":4},"end":{"line":13,"column":4}}]},"4":{"line":33,"type":"if","locations":[{"start":{"line":24,"column":4},"end":{"line":24,"column":4}},{"start":{"line":24,"column":4},"end":{"line":24,"column":4}}]},"5":{"line":87,"type":"if","locations":[{"start":{"line":79,"column":12},"end":{"line":79,"column":12}},{"start":{"line":79,"column":12},"end":{"line":79,"column":12}}]},"6":{"line":92,"type":"if","locations":[{"start":{"line":85,"column":17},"end":{"line":85,"column":17}},{"start":{"line":85,"column":17},"end":{"line":85,"column":17}}]},"7":{"line":97,"type":"if","locations":[{"start":{"line":91,"column":17},"end":{"line":91,"column":17}},{"start":{"line":91,"column":17},"end":{"line":91,"column":17}}]}}},"/Users/chenlaizhang/Downloads/COMP531/hw5/src/index.js":{"path":"/Users/chenlaizhang/Downloads/COMP531/hw5/src/index.js","s":{"1":1,"2":1,"3":1,"4":1,"5":1,"6":1,"7":1,"8":1,"9":1,"10":1,"11":1,"12":1,"13":1,"14":1,"15":1,"16":5,"17":1,"18":1,"19":1,"20":1},"b":{"1":[3,2],"2":[5,5]},"f":{"1":5},"fnMap":{"1":{"name":"_interopRequireDefault","line":31,"loc":{"start":{"line":0,"column":0},"end":{"line":0,"column":0},"skip":true},"skip":true}},"statementMap":{"1":{"start":{"line":1,"column":-15},"end":{"line":1,"column":-15}},"2":{"start":{"line":0,"column":0},"end":{"line":0,"column":0},"skip":true},"3":{"start":{"line":2,"column":0},"end":{"line":2,"column":0}},"4":{"start":{"line":3,"column":0},"end":{"line":3,"column":0}},"5":{"start":{"line":5,"column":0},"end":{"line":5,"column":0}},"6":{"start":{"line":0,"column":0},"end":{"line":0,"column":0},"skip":true},"7":{"start":{"line":6,"column":0},"end":{"line":6,"column":0}},"8":{"start":{"line":0,"column":0},"end":{"line":0,"column":0},"skip":true},"9":{"start":{"line":7,"column":0},"end":{"line":7,"column":0}},"10":{"start":{"line":9,"column":0},"end":{"line":9,"column":0}},"11":{"start":{"line":0,"column":0},"end":{"line":0,"column":0},"skip":true},"12":{"start":{"line":10,"column":0},"end":{"line":10,"column":0}},"13":{"start":{"line":0,"column":0},"end":{"line":0,"column":0},"skip":true},"14":{"start":{"line":12,"column":0},"end":{"line":12,"column":0}},"15":{"start":{"line":0,"column":0},"end":{"line":0,"column":0},"skip":true},"16":{"start":{"line":0,"column":0},"end":{"line":0,"column":0},"skip":true},"17":{"start":{"line":14,"column":0},"end":{"line":14,"column":0}},"18":{"start":{"line":16,"column":0},"end":{"line":16,"column":0}},"19":{"start":{"line":18,"column":0},"end":{"line":18,"column":0}},"20":{"start":{"line":20,"column":0},"end":{"line":20,"column":0}}},"branchMap":{"1":{"line":31,"type":"cond-expr","locations":[{"start":{"line":0,"column":0},"end":{"line":0,"column":0},"skip":true},{"start":{"line":0,"column":0},"end":{"line":0,"column":0},"skip":true}]},"2":{"line":31,"type":"binary-expr","locations":[{"start":{"line":0,"column":0},"end":{"line":0,"column":0},"skip":true},{"start":{"line":0,"column":0},"end":{"line":0,"column":0},"skip":true}]}}},"/Users/chenlaizhang/Downloads/COMP531/hw5/src/reducers.spec.js":{"path":"/Users/chenlaizhang/Downloads/COMP531/hw5/src/reducers.spec.js","s":{"1":1,"2":0,"3":0,"4":0,"5":0,"6":0,"7":0,"8":1,"9":1,"10":1,"11":1,"12":1,"13":1,"14":1,"15":1,"16":3,"17":1,"18":1,"19":0,"20":0,"21":0,"22":0,"23":0,"24":0,"25":0,"26":0,"27":0,"28":0,"29":0,"30":0,"31":0,"32":0},"b":{"1":[1,0],"2":[0,0],"3":[1,2],"4":[3,3]},"f":{"1":0,"2":3,"3":0,"4":0,"5":0,"6":0,"7":0,"8":0},"fnMap":{"1":{"name":"(anonymous_1)","line":3,"loc":{"start":{"line":0,"column":0},"end":{"line":0,"column":0},"skip":true},"skip":true},"2":{"name":"_interopRequireDefault","line":19,"loc":{"start":{"line":0,"column":0},"end":{"line":0,"column":0},"skip":true},"skip":true},"3":{"name":"(anonymous_3)","line":28,"loc":{"start":{"line":15,"column":54},"end":{"line":15,"column":59}}},"4":{"name":"(anonymous_4)","line":29,"loc":{"start":{"line":16,"column":39},"end":{"line":16,"column":43}}},"5":{"name":"(anonymous_5)","line":33,"loc":{"start":{"line":20,"column":70},"end":{"line":20,"column":74}}},"6":{"name":"(anonymous_6)","line":38,"loc":{"start":{"line":26,"column":66},"end":{"line":26,"column":70}}},"7":{"name":"(anonymous_7)","line":44,"loc":{"start":{"line":33,"column":31},"end":{"line":33,"column":36}}},"8":{"name":"(anonymous_8)","line":49,"loc":{"start":{"line":39,"column":40},"end":{"line":39,"column":44}}}},"statementMap":{"1":{"start":{"line":0,"column":0},"end":{"line":0,"column":0},"skip":true},"2":{"start":{"line":0,"column":0},"end":{"line":0,"column":0},"skip":true},"3":{"start":{"line":0,"column":0},"end":{"line":0,"column":0},"skip":true},"4":{"start":{"line":0,"column":0},"end":{"line":0,"column":0},"skip":true},"5":{"start":{"line":0,"column":0},"end":{"line":0,"column":0},"skip":true},"6":{"start":{"line":0,"column":0},"end":{"line":0,"column":0},"skip":true},"7":{"start":{"line":0,"column":0},"end":{"line":0,"column":0},"skip":true},"8":{"start":{"line":1,"column":-14},"end":{"line":1,"column":-14}},"9":{"start":{"line":2,"column":0},"end":{"line":2,"column":0}},"10":{"start":{"line":0,"column":0},"end":{"line":0,"column":0},"skip":true},"11":{"start":{"line":3,"column":0},"end":{"line":3,"column":0}},"12":{"start":{"line":0,"column":0},"end":{"line":0,"column":0},"skip":true},"13":{"start":{"line":5,"column":0},"end":{"line":5,"column":0}},"14":{"start":{"line":0,"column":0},"end":{"line":0,"column":0},"skip":true},"15":{"start":{"line":0,"column":0},"end":{"line":0,"column":0},"skip":true},"16":{"start":{"line":0,"column":0},"end":{"line":0,"column":0},"skip":true},"17":{"start":{"line":8,"column":0},"end":{"line":8,"column":0}},"18":{"start":{"line":15,"column":0},"end":{"line":15,"column":0}},"19":{"start":{"line":16,"column":1},"end":{"line":16,"column":1}},"20":{"start":{"line":17,"column":8},"end":{"line":17,"column":8}},"21":{"start":{"line":20,"column":2},"end":{"line":20,"column":2}},"22":{"start":{"line":21,"column":8},"end":{"line":21,"column":8}},"23":{"start":{"line":22,"column":8},"end":{"line":22,"column":8}},"24":{"start":{"line":26,"column":2},"end":{"line":26,"column":2}},"25":{"start":{"line":27,"column":8},"end":{"line":27,"column":8}},"26":{"start":{"line":28,"column":8},"end":{"line":28,"column":8}},"27":{"start":{"line":32,"column":2},"end":{"line":32,"column":2}},"28":{"start":{"line":33,"column":2},"end":{"line":33,"column":2}},"29":{"start":{"line":34,"column":2},"end":{"line":34,"column":2}},"30":{"start":{"line":38,"column":1},"end":{"line":38,"column":1}},"31":{"start":{"line":39,"column":4},"end":{"line":39,"column":4}},"32":{"start":{"line":40,"column":8},"end":{"line":40,"column":8}}},"branchMap":{"1":{"line":3,"type":"binary-expr","locations":[{"start":{"line":0,"column":0},"end":{"line":0,"column":0},"skip":true},{"start":{"line":0,"column":0},"end":{"line":0,"column":0},"skip":true}]},"2":{"line":3,"type":"if","locations":[{"start":{"line":0,"column":0},"end":{"line":0,"column":0},"skip":true},{"start":{"line":0,"column":0},"end":{"line":0,"column":0},"skip":true}]},"3":{"line":19,"type":"cond-expr","locations":[{"start":{"line":0,"column":0},"end":{"line":0,"column":0},"skip":true},{"start":{"line":0,"column":0},"end":{"line":0,"column":0},"skip":true}]},"4":{"line":19,"type":"binary-expr","locations":[{"start":{"line":0,"column":0},"end":{"line":0,"column":0},"skip":true},{"start":{"line":0,"column":0},"end":{"line":0,"column":0},"skip":true}]}}}}