
> RiceBookServer@0.0.0 test /Users/chenlaizhang/Downloads/COMP531/hw6/backend
> mocha --opts mocha.opts src/**/*.spec.js "-R" "xunit"


<testsuite name="Mocha Tests" tests="3" failures="0" errors="0" skipped="0" timestamp="Wed, 09 Nov 2016 00:47:42 GMT" time="0.082">
<testcase classname="Validate Article functionality" name="should give me three or more articles" time="0.034"/>
<testcase classname="Validate Article functionality" name="should add a new article, and increase #articles by one" time="0.035"/>
<testcase classname="Validate Profile functionality" name="should put a new headline" time="0.008"/>
</testsuite>
